['INFO ]2023-09-13 23:46:00,726(YYYY-MM-ddHH:MM:ss.SSS][main]step_definitions.common_step_definition1)-Instantiation the commonutils
['INFO ]2023-09-13 23:46:00,732(YYYY-MM-ddHH:MM:ss.SSS][main]step_definitions.common_step_definition1)-Launch Browser
['INFO ]2023-09-13 23:46:04,675(YYYY-MM-ddHH:MM:ss.SSS][main]webdriver_manager.DriverManager1)-Launched chrome
['INFO ]2023-09-13 23:46:04,789(YYYY-MM-ddHH:MM:ss.SSS][main]step_definitions.HomePage_SD1)-Admin should land on home page
['INFO ]2023-09-13 23:46:04,965(YYYY-MM-ddHH:MM:ss.SSS][main]step_definitions.common_step_definition1)-Instantiation the commonutils
['INFO ]2023-09-13 23:46:04,967(YYYY-MM-ddHH:MM:ss.SSS][main]step_definitions.common_step_definition1)-Launch Browser
['INFO ]2023-09-13 23:46:06,451(YYYY-MM-ddHH:MM:ss.SSS][main]step_definitions.HomePage_SD1)-Admin gives the Wrong LMS URL 
['INFO ]2023-09-13 23:46:06,634(YYYY-MM-ddHH:MM:ss.SSS][main]step_definitions.common_step_definition1)-Instantiation the commonutils
['INFO ]2023-09-13 23:46:06,635(YYYY-MM-ddHH:MM:ss.SSS][main]step_definitions.common_step_definition1)-Launch Browser
['INFO ]2023-09-13 23:46:06,754(YYYY-MM-ddHH:MM:ss.SSS][main]step_definitions.common_step_definition1)-Instantiation the commonutils
['INFO ]2023-09-13 23:46:06,756(YYYY-MM-ddHH:MM:ss.SSS][main]step_definitions.common_step_definition1)-Launch Browser
['INFO ]2023-09-13 23:46:06,850(YYYY-MM-ddHH:MM:ss.SSS][main]step_definitions.common_step_definition1)-Instantiation the commonutils
['INFO ]2023-09-13 23:46:06,851(YYYY-MM-ddHH:MM:ss.SSS][main]step_definitions.common_step_definition1)-Launch Browser
['INFO ]2023-09-13 23:46:06,927(YYYY-MM-ddHH:MM:ss.SSS][main]step_definitions.common_step_definition1)-Instantiation the commonutils
['INFO ]2023-09-13 23:46:06,927(YYYY-MM-ddHH:MM:ss.SSS][main]step_definitions.common_step_definition1)-Launch Browser
['INFO ]2023-09-13 23:46:06,992(YYYY-MM-ddHH:MM:ss.SSS][main]step_definitions.common_step_definition1)-Instantiation the commonutils
['INFO ]2023-09-13 23:46:06,992(YYYY-MM-ddHH:MM:ss.SSS][main]step_definitions.common_step_definition1)-Launch Browser
['INFO ]2023-09-13 23:46:07,058(YYYY-MM-ddHH:MM:ss.SSS][main]step_definitions.common_step_definition1)-Instantiation the commonutils
['INFO ]2023-09-13 23:46:07,059(YYYY-MM-ddHH:MM:ss.SSS][main]step_definitions.common_step_definition1)-Launch Browser
['INFO ]2023-09-13 23:46:07,143(YYYY-MM-ddHH:MM:ss.SSS][main]step_definitions.common_step_definition1)-Instantiation the commonutils
['INFO ]2023-09-13 23:46:07,143(YYYY-MM-ddHH:MM:ss.SSS][main]step_definitions.common_step_definition1)-Launch Browser
['INFO ]2023-09-13 23:46:07,575(YYYY-MM-ddHH:MM:ss.SSS][main]step_definitions.common_step_definition1)-Instantiation the commonutils
['INFO ]2023-09-13 23:46:07,576(YYYY-MM-ddHH:MM:ss.SSS][main]step_definitions.common_step_definition1)-Launch Browser
['INFO ]2023-09-13 23:46:07,810(YYYY-MM-ddHH:MM:ss.SSS][main]step_definitions.common_step_definition1)-Instantiation the commonutils
['INFO ]2023-09-13 23:46:07,811(YYYY-MM-ddHH:MM:ss.SSS][main]step_definitions.common_step_definition1)-Launch Browser
['INFO ]2023-09-13 23:46:08,028(YYYY-MM-ddHH:MM:ss.SSS][main]step_definitions.common_step_definition1)-Instantiation the commonutils
['INFO ]2023-09-13 23:46:08,029(YYYY-MM-ddHH:MM:ss.SSS][main]step_definitions.common_step_definition1)-Launch Browser
['INFO ]2023-09-13 23:46:08,265(YYYY-MM-ddHH:MM:ss.SSS][main]step_definitions.common_step_definition1)-Instantiation the commonutils
['INFO ]2023-09-13 23:46:08,269(YYYY-MM-ddHH:MM:ss.SSS][main]step_definitions.common_step_definition1)-Launch Browser
['INFO ]2023-09-13 23:46:08,494(YYYY-MM-ddHH:MM:ss.SSS][main]step_definitions.common_step_definition1)-Instantiation the commonutils
['INFO ]2023-09-13 23:46:08,495(YYYY-MM-ddHH:MM:ss.SSS][main]step_definitions.common_step_definition1)-Launch Browser
['INFO ]2023-09-13 23:46:08,749(YYYY-MM-ddHH:MM:ss.SSS][main]step_definitions.common_step_definition1)-Instantiation the commonutils
['INFO ]2023-09-13 23:46:08,755(YYYY-MM-ddHH:MM:ss.SSS][main]step_definitions.common_step_definition1)-Launch Browser
['INFO ]2023-09-13 23:46:08,992(YYYY-MM-ddHH:MM:ss.SSS][main]step_definitions.common_step_definition1)-Instantiation the commonutils
['INFO ]2023-09-13 23:46:08,993(YYYY-MM-ddHH:MM:ss.SSS][main]step_definitions.common_step_definition1)-Launch Browser
['INFO ]2023-09-13 23:46:09,247(YYYY-MM-ddHH:MM:ss.SSS][main]step_definitions.common_step_definition1)-Instantiation the commonutils
['INFO ]2023-09-13 23:46:09,251(YYYY-MM-ddHH:MM:ss.SSS][main]step_definitions.common_step_definition1)-Launch Browser
['INFO ]2023-09-13 23:46:09,473(YYYY-MM-ddHH:MM:ss.SSS][main]step_definitions.common_step_definition1)-Instantiation the commonutils
['INFO ]2023-09-13 23:46:09,474(YYYY-MM-ddHH:MM:ss.SSS][main]step_definitions.common_step_definition1)-Launch Browser
['INFO ]2023-09-13 23:46:09,716(YYYY-MM-ddHH:MM:ss.SSS][main]step_definitions.common_step_definition1)-Instantiation the commonutils
['INFO ]2023-09-13 23:46:09,717(YYYY-MM-ddHH:MM:ss.SSS][main]step_definitions.common_step_definition1)-Launch Browser
['INFO ]2023-09-13 23:46:09,961(YYYY-MM-ddHH:MM:ss.SSS][main]step_definitions.common_step_definition1)-Instantiation the commonutils
['INFO ]2023-09-13 23:46:09,961(YYYY-MM-ddHH:MM:ss.SSS][main]step_definitions.common_step_definition1)-Launch Browser
['INFO ]2023-09-13 23:46:10,176(YYYY-MM-ddHH:MM:ss.SSS][main]step_definitions.common_step_definition1)-Instantiation the commonutils
['INFO ]2023-09-13 23:46:10,176(YYYY-MM-ddHH:MM:ss.SSS][main]step_definitions.common_step_definition1)-Launch Browser
['INFO ]2023-09-13 23:46:10,396(YYYY-MM-ddHH:MM:ss.SSS][main]step_definitions.common_step_definition1)-Instantiation the commonutils
['INFO ]2023-09-13 23:46:10,397(YYYY-MM-ddHH:MM:ss.SSS][main]step_definitions.common_step_definition1)-Launch Browser
['INFO ]2023-09-13 23:46:10,602(YYYY-MM-ddHH:MM:ss.SSS][main]step_definitions.common_step_definition1)-Instantiation the commonutils
['INFO ]2023-09-13 23:46:10,603(YYYY-MM-ddHH:MM:ss.SSS][main]step_definitions.common_step_definition1)-Launch Browser
['INFO ]2023-09-13 23:46:10,821(YYYY-MM-ddHH:MM:ss.SSS][main]step_definitions.common_step_definition1)-Instantiation the commonutils
['INFO ]2023-09-13 23:46:10,823(YYYY-MM-ddHH:MM:ss.SSS][main]step_definitions.common_step_definition1)-Launch Browser
['INFO ]2023-09-13 23:46:11,017(YYYY-MM-ddHH:MM:ss.SSS][main]step_definitions.common_step_definition1)-Instantiation the commonutils
['INFO ]2023-09-13 23:46:11,018(YYYY-MM-ddHH:MM:ss.SSS][main]step_definitions.common_step_definition1)-Launch Browser
['INFO ]2023-09-13 23:46:11,097(YYYY-MM-ddHH:MM:ss.SSS][main]step_definitions.common_step_definition1)-Instantiation the commonutils
['INFO ]2023-09-13 23:46:11,098(YYYY-MM-ddHH:MM:ss.SSS][main]step_definitions.common_step_definition1)-Launch Browser
['INFO ]2023-09-13 23:46:11,168(YYYY-MM-ddHH:MM:ss.SSS][main]step_definitions.common_step_definition1)-Instantiation the commonutils
['INFO ]2023-09-13 23:46:11,170(YYYY-MM-ddHH:MM:ss.SSS][main]step_definitions.common_step_definition1)-Launch Browser
['INFO ]2023-09-13 23:46:11,256(YYYY-MM-ddHH:MM:ss.SSS][main]step_definitions.common_step_definition1)-Instantiation the commonutils
['INFO ]2023-09-13 23:46:11,257(YYYY-MM-ddHH:MM:ss.SSS][main]step_definitions.common_step_definition1)-Launch Browser
['INFO ]2023-09-13 23:46:11,327(YYYY-MM-ddHH:MM:ss.SSS][main]step_definitions.common_step_definition1)-Instantiation the commonutils
['INFO ]2023-09-13 23:46:11,329(YYYY-MM-ddHH:MM:ss.SSS][main]step_definitions.common_step_definition1)-Launch Browser
['INFO ]2023-09-13 23:46:11,392(YYYY-MM-ddHH:MM:ss.SSS][main]step_definitions.common_step_definition1)-Instantiation the commonutils
['INFO ]2023-09-13 23:46:11,393(YYYY-MM-ddHH:MM:ss.SSS][main]step_definitions.common_step_definition1)-Launch Browser
['INFO ]2023-09-13 23:46:11,446(YYYY-MM-ddHH:MM:ss.SSS][main]step_definitions.common_step_definition1)-Instantiation the commonutils
['INFO ]2023-09-13 23:46:11,447(YYYY-MM-ddHH:MM:ss.SSS][main]step_definitions.common_step_definition1)-Launch Browser
['INFO ]2023-09-13 23:46:11,501(YYYY-MM-ddHH:MM:ss.SSS][main]step_definitions.common_step_definition1)-Instantiation the commonutils
['INFO ]2023-09-13 23:46:11,502(YYYY-MM-ddHH:MM:ss.SSS][main]step_definitions.common_step_definition1)-Launch Browser
['INFO ]2023-09-13 23:46:11,567(YYYY-MM-ddHH:MM:ss.SSS][main]step_definitions.common_step_definition1)-Instantiation the commonutils
['INFO ]2023-09-13 23:46:11,568(YYYY-MM-ddHH:MM:ss.SSS][main]step_definitions.common_step_definition1)-Launch Browser
['INFO ]2023-09-13 23:46:11,627(YYYY-MM-ddHH:MM:ss.SSS][main]step_definitions.common_step_definition1)-Instantiation the commonutils
['INFO ]2023-09-13 23:46:11,628(YYYY-MM-ddHH:MM:ss.SSS][main]step_definitions.common_step_definition1)-Launch Browser
['INFO ]2023-09-13 23:46:11,738(YYYY-MM-ddHH:MM:ss.SSS][main]step_definitions.common_step_definition1)-Instantiation the commonutils
['INFO ]2023-09-13 23:46:11,738(YYYY-MM-ddHH:MM:ss.SSS][main]step_definitions.common_step_definition1)-Launch Browser
['INFO ]2023-09-13 23:46:11,810(YYYY-MM-ddHH:MM:ss.SSS][main]step_definitions.common_step_definition1)-Instantiation the commonutils
['INFO ]2023-09-13 23:46:11,812(YYYY-MM-ddHH:MM:ss.SSS][main]step_definitions.common_step_definition1)-Launch Browser
['INFO ]2023-09-13 23:46:11,865(YYYY-MM-ddHH:MM:ss.SSS][main]step_definitions.common_step_definition1)-Instantiation the commonutils
['INFO ]2023-09-13 23:46:11,866(YYYY-MM-ddHH:MM:ss.SSS][main]step_definitions.common_step_definition1)-Launch Browser
['INFO ]2023-09-13 23:46:11,928(YYYY-MM-ddHH:MM:ss.SSS][main]step_definitions.common_step_definition1)-Instantiation the commonutils
['INFO ]2023-09-13 23:46:11,929(YYYY-MM-ddHH:MM:ss.SSS][main]step_definitions.common_step_definition1)-Launch Browser
['INFO ]2023-09-13 23:46:11,980(YYYY-MM-ddHH:MM:ss.SSS][main]step_definitions.common_step_definition1)-Instantiation the commonutils
['INFO ]2023-09-13 23:46:11,981(YYYY-MM-ddHH:MM:ss.SSS][main]step_definitions.common_step_definition1)-Launch Browser
['INFO ]2023-09-13 23:46:12,037(YYYY-MM-ddHH:MM:ss.SSS][main]step_definitions.common_step_definition1)-Instantiation the commonutils
['INFO ]2023-09-13 23:46:12,039(YYYY-MM-ddHH:MM:ss.SSS][main]step_definitions.common_step_definition1)-Launch Browser
['INFO ]2023-09-13 23:46:12,102(YYYY-MM-ddHH:MM:ss.SSS][main]step_definitions.common_step_definition1)-Instantiation the commonutils
['INFO ]2023-09-13 23:46:12,104(YYYY-MM-ddHH:MM:ss.SSS][main]step_definitions.common_step_definition1)-Launch Browser
['INFO ]2023-09-13 23:46:12,157(YYYY-MM-ddHH:MM:ss.SSS][main]step_definitions.common_step_definition1)-Instantiation the commonutils
['INFO ]2023-09-13 23:46:12,158(YYYY-MM-ddHH:MM:ss.SSS][main]step_definitions.common_step_definition1)-Launch Browser
['INFO ]2023-09-13 23:46:12,221(YYYY-MM-ddHH:MM:ss.SSS][main]step_definitions.common_step_definition1)-Instantiation the commonutils
['INFO ]2023-09-13 23:46:12,222(YYYY-MM-ddHH:MM:ss.SSS][main]step_definitions.common_step_definition1)-Launch Browser
['INFO ]2023-09-13 23:46:12,286(YYYY-MM-ddHH:MM:ss.SSS][main]step_definitions.common_step_definition1)-Instantiation the commonutils
['INFO ]2023-09-13 23:46:12,287(YYYY-MM-ddHH:MM:ss.SSS][main]step_definitions.common_step_definition1)-Launch Browser
['INFO ]2023-09-13 23:46:12,348(YYYY-MM-ddHH:MM:ss.SSS][main]step_definitions.common_step_definition1)-Instantiation the commonutils
['INFO ]2023-09-13 23:46:12,351(YYYY-MM-ddHH:MM:ss.SSS][main]step_definitions.common_step_definition1)-Launch Browser
['INFO ]2023-09-13 23:46:12,415(YYYY-MM-ddHH:MM:ss.SSS][main]step_definitions.common_step_definition1)-Instantiation the commonutils
['INFO ]2023-09-13 23:46:12,416(YYYY-MM-ddHH:MM:ss.SSS][main]step_definitions.common_step_definition1)-Launch Browser
['INFO ]2023-09-13 23:46:12,486(YYYY-MM-ddHH:MM:ss.SSS][main]step_definitions.common_step_definition1)-Instantiation the commonutils
['INFO ]2023-09-13 23:46:12,487(YYYY-MM-ddHH:MM:ss.SSS][main]step_definitions.common_step_definition1)-Launch Browser
['INFO ]2023-09-13 23:46:12,581(YYYY-MM-ddHH:MM:ss.SSS][main]step_definitions.common_step_definition1)-Instantiation the commonutils
['INFO ]2023-09-13 23:46:12,582(YYYY-MM-ddHH:MM:ss.SSS][main]step_definitions.common_step_definition1)-Launch Browser
['INFO ]2023-09-13 23:46:12,657(YYYY-MM-ddHH:MM:ss.SSS][main]step_definitions.common_step_definition1)-Instantiation the commonutils
['INFO ]2023-09-13 23:46:12,658(YYYY-MM-ddHH:MM:ss.SSS][main]step_definitions.common_step_definition1)-Launch Browser
['INFO ]2023-09-13 23:46:12,724(YYYY-MM-ddHH:MM:ss.SSS][main]step_definitions.common_step_definition1)-Instantiation the commonutils
['INFO ]2023-09-13 23:46:12,726(YYYY-MM-ddHH:MM:ss.SSS][main]step_definitions.common_step_definition1)-Launch Browser
['INFO ]2023-09-13 23:46:12,799(YYYY-MM-ddHH:MM:ss.SSS][main]step_definitions.common_step_definition1)-Instantiation the commonutils
['INFO ]2023-09-13 23:46:12,801(YYYY-MM-ddHH:MM:ss.SSS][main]step_definitions.common_step_definition1)-Launch Browser
['INFO ]2023-09-13 23:46:12,881(YYYY-MM-ddHH:MM:ss.SSS][main]step_definitions.common_step_definition1)-Instantiation the commonutils
['INFO ]2023-09-13 23:46:12,882(YYYY-MM-ddHH:MM:ss.SSS][main]step_definitions.common_step_definition1)-Launch Browser
['INFO ]2023-09-13 23:46:12,947(YYYY-MM-ddHH:MM:ss.SSS][main]step_definitions.common_step_definition1)-Instantiation the commonutils
['INFO ]2023-09-13 23:46:12,947(YYYY-MM-ddHH:MM:ss.SSS][main]step_definitions.common_step_definition1)-Launch Browser
['INFO ]2023-09-13 23:46:13,011(YYYY-MM-ddHH:MM:ss.SSS][main]step_definitions.common_step_definition1)-Instantiation the commonutils
['INFO ]2023-09-13 23:46:13,011(YYYY-MM-ddHH:MM:ss.SSS][main]step_definitions.common_step_definition1)-Launch Browser
['INFO ]2023-09-13 23:46:13,068(YYYY-MM-ddHH:MM:ss.SSS][main]step_definitions.common_step_definition1)-Instantiation the commonutils
['INFO ]2023-09-13 23:46:13,070(YYYY-MM-ddHH:MM:ss.SSS][main]step_definitions.common_step_definition1)-Launch Browser
['INFO ]2023-09-13 23:46:13,135(YYYY-MM-ddHH:MM:ss.SSS][main]step_definitions.common_step_definition1)-Instantiation the commonutils
['INFO ]2023-09-13 23:46:13,137(YYYY-MM-ddHH:MM:ss.SSS][main]step_definitions.common_step_definition1)-Launch Browser
['INFO ]2023-09-13 23:46:13,187(YYYY-MM-ddHH:MM:ss.SSS][main]step_definitions.common_step_definition1)-Instantiation the commonutils
['INFO ]2023-09-13 23:46:13,189(YYYY-MM-ddHH:MM:ss.SSS][main]step_definitions.common_step_definition1)-Launch Browser
['INFO ]2023-09-13 23:46:13,249(YYYY-MM-ddHH:MM:ss.SSS][main]step_definitions.common_step_definition1)-Instantiation the commonutils
['INFO ]2023-09-13 23:46:13,250(YYYY-MM-ddHH:MM:ss.SSS][main]step_definitions.common_step_definition1)-Launch Browser
['INFO ]2023-09-13 23:46:13,310(YYYY-MM-ddHH:MM:ss.SSS][main]step_definitions.common_step_definition1)-Instantiation the commonutils
['INFO ]2023-09-13 23:46:13,311(YYYY-MM-ddHH:MM:ss.SSS][main]step_definitions.common_step_definition1)-Launch Browser
['INFO ]2023-09-13 23:46:13,372(YYYY-MM-ddHH:MM:ss.SSS][main]step_definitions.common_step_definition1)-Instantiation the commonutils
['INFO ]2023-09-13 23:46:13,372(YYYY-MM-ddHH:MM:ss.SSS][main]step_definitions.common_step_definition1)-Launch Browser
['INFO ]2023-09-13 23:46:13,447(YYYY-MM-ddHH:MM:ss.SSS][main]step_definitions.common_step_definition1)-Instantiation the commonutils
['INFO ]2023-09-13 23:46:13,448(YYYY-MM-ddHH:MM:ss.SSS][main]step_definitions.common_step_definition1)-Launch Browser
['INFO ]2023-09-13 23:46:13,512(YYYY-MM-ddHH:MM:ss.SSS][main]step_definitions.common_step_definition1)-Instantiation the commonutils
['INFO ]2023-09-13 23:46:13,514(YYYY-MM-ddHH:MM:ss.SSS][main]step_definitions.common_step_definition1)-Launch Browser
['INFO ]2023-09-13 23:46:13,569(YYYY-MM-ddHH:MM:ss.SSS][main]step_definitions.common_step_definition1)-Instantiation the commonutils
['INFO ]2023-09-13 23:46:13,571(YYYY-MM-ddHH:MM:ss.SSS][main]step_definitions.common_step_definition1)-Launch Browser
['INFO ]2023-09-13 23:46:13,631(YYYY-MM-ddHH:MM:ss.SSS][main]step_definitions.common_step_definition1)-Instantiation the commonutils
['INFO ]2023-09-13 23:46:13,632(YYYY-MM-ddHH:MM:ss.SSS][main]step_definitions.common_step_definition1)-Launch Browser
['INFO ]2023-09-13 23:46:13,692(YYYY-MM-ddHH:MM:ss.SSS][main]step_definitions.common_step_definition1)-Instantiation the commonutils
['INFO ]2023-09-13 23:46:13,692(YYYY-MM-ddHH:MM:ss.SSS][main]step_definitions.common_step_definition1)-Launch Browser
['INFO ]2023-09-13 23:46:13,745(YYYY-MM-ddHH:MM:ss.SSS][main]step_definitions.common_step_definition1)-Instantiation the commonutils
['INFO ]2023-09-13 23:46:13,746(YYYY-MM-ddHH:MM:ss.SSS][main]step_definitions.common_step_definition1)-Launch Browser
['INFO ]2023-09-13 23:46:13,804(YYYY-MM-ddHH:MM:ss.SSS][main]step_definitions.common_step_definition1)-Instantiation the commonutils
['INFO ]2023-09-13 23:46:13,806(YYYY-MM-ddHH:MM:ss.SSS][main]step_definitions.common_step_definition1)-Launch Browser
['INFO ]2023-09-13 23:46:13,860(YYYY-MM-ddHH:MM:ss.SSS][main]step_definitions.common_step_definition1)-Instantiation the commonutils
['INFO ]2023-09-13 23:46:13,861(YYYY-MM-ddHH:MM:ss.SSS][main]step_definitions.common_step_definition1)-Launch Browser
['INFO ]2023-09-13 23:46:13,912(YYYY-MM-ddHH:MM:ss.SSS][main]step_definitions.common_step_definition1)-Instantiation the commonutils
['INFO ]2023-09-13 23:46:13,913(YYYY-MM-ddHH:MM:ss.SSS][main]step_definitions.common_step_definition1)-Launch Browser
['INFO ]2023-09-13 23:46:13,962(YYYY-MM-ddHH:MM:ss.SSS][main]step_definitions.common_step_definition1)-Instantiation the commonutils
['INFO ]2023-09-13 23:46:13,963(YYYY-MM-ddHH:MM:ss.SSS][main]step_definitions.common_step_definition1)-Launch Browser
['INFO ]2023-09-13 23:46:14,013(YYYY-MM-ddHH:MM:ss.SSS][main]step_definitions.common_step_definition1)-Instantiation the commonutils
['INFO ]2023-09-13 23:46:14,014(YYYY-MM-ddHH:MM:ss.SSS][main]step_definitions.common_step_definition1)-Launch Browser
['INFO ]2023-09-13 23:46:14,067(YYYY-MM-ddHH:MM:ss.SSS][main]step_definitions.common_step_definition1)-Instantiation the commonutils
['INFO ]2023-09-13 23:46:14,067(YYYY-MM-ddHH:MM:ss.SSS][main]step_definitions.common_step_definition1)-Launch Browser
['INFO ]2023-09-13 23:46:14,136(YYYY-MM-ddHH:MM:ss.SSS][main]step_definitions.common_step_definition1)-Instantiation the commonutils
['INFO ]2023-09-13 23:46:14,137(YYYY-MM-ddHH:MM:ss.SSS][main]step_definitions.common_step_definition1)-Launch Browser
['INFO ]2023-09-13 23:46:14,192(YYYY-MM-ddHH:MM:ss.SSS][main]step_definitions.common_step_definition1)-Instantiation the commonutils
['INFO ]2023-09-13 23:46:14,193(YYYY-MM-ddHH:MM:ss.SSS][main]step_definitions.common_step_definition1)-Launch Browser
['INFO ]2023-09-13 23:46:14,195(YYYY-MM-ddHH:MM:ss.SSS][main]page_objects.HomePage1)-Admin is on dashboard page : 
['INFO ]2023-09-13 23:46:14,271(YYYY-MM-ddHH:MM:ss.SSS][main]step_definitions.common_step_definition1)-Instantiation the commonutils
['INFO ]2023-09-13 23:46:14,272(YYYY-MM-ddHH:MM:ss.SSS][main]step_definitions.common_step_definition1)-Launch Browser
['INFO ]2023-09-13 23:46:14,283(YYYY-MM-ddHH:MM:ss.SSS][main]step_definitions.Student1)-Logged on to LMS portl as Admin
['INFO ]2023-09-13 23:46:15,066(YYYY-MM-ddHH:MM:ss.SSS][main]step_definitions.Student1)-Admin is on dashboard page : 
['INFO ]2023-09-13 23:46:20,140(YYYY-MM-ddHH:MM:ss.SSS][main]step_definitions.common_step_definition1)-Instantiation the commonutils
['INFO ]2023-09-13 23:46:20,140(YYYY-MM-ddHH:MM:ss.SSS][main]step_definitions.common_step_definition1)-Launch Browser
['INFO ]2023-09-13 23:46:20,145(YYYY-MM-ddHH:MM:ss.SSS][main]step_definitions.Student1)-Logged on to LMS portl as Admin
['INFO ]2023-09-13 23:46:20,671(YYYY-MM-ddHH:MM:ss.SSS][main]step_definitions.Student1)-Admin is on dashboard page : 
['INFO ]2023-09-13 23:46:25,750(YYYY-MM-ddHH:MM:ss.SSS][main]step_definitions.common_step_definition1)-Instantiation the commonutils
['INFO ]2023-09-13 23:46:25,751(YYYY-MM-ddHH:MM:ss.SSS][main]step_definitions.common_step_definition1)-Launch Browser
['INFO ]2023-09-13 23:46:25,757(YYYY-MM-ddHH:MM:ss.SSS][main]step_definitions.Student1)-Logged on to LMS portl as Admin
['INFO ]2023-09-13 23:46:26,008(YYYY-MM-ddHH:MM:ss.SSS][main]step_definitions.Student1)-Admin is on dashboard page : 
['INFO ]2023-09-13 23:46:31,111(YYYY-MM-ddHH:MM:ss.SSS][main]step_definitions.common_step_definition1)-Instantiation the commonutils
['INFO ]2023-09-13 23:46:31,112(YYYY-MM-ddHH:MM:ss.SSS][main]step_definitions.common_step_definition1)-Launch Browser
['INFO ]2023-09-13 23:46:31,116(YYYY-MM-ddHH:MM:ss.SSS][main]step_definitions.Student1)-Logged on to LMS portl as Admin
['INFO ]2023-09-13 23:46:31,315(YYYY-MM-ddHH:MM:ss.SSS][main]step_definitions.Student1)-Admin is on dashboard page : 
['INFO ]2023-09-13 23:46:36,387(YYYY-MM-ddHH:MM:ss.SSS][main]step_definitions.common_step_definition1)-Instantiation the commonutils
['INFO ]2023-09-13 23:46:36,389(YYYY-MM-ddHH:MM:ss.SSS][main]step_definitions.common_step_definition1)-Launch Browser
['INFO ]2023-09-13 23:46:36,397(YYYY-MM-ddHH:MM:ss.SSS][main]step_definitions.Student1)-Logged on to LMS portl as Admin
['INFO ]2023-09-13 23:46:36,586(YYYY-MM-ddHH:MM:ss.SSS][main]step_definitions.Student1)-Admin is on dashboard page : 
['INFO ]2023-09-13 23:46:41,666(YYYY-MM-ddHH:MM:ss.SSS][main]step_definitions.common_step_definition1)-Instantiation the commonutils
['INFO ]2023-09-13 23:46:41,667(YYYY-MM-ddHH:MM:ss.SSS][main]step_definitions.common_step_definition1)-Launch Browser
['INFO ]2023-09-13 23:46:41,672(YYYY-MM-ddHH:MM:ss.SSS][main]step_definitions.Student1)-Logged on to LMS portl as Admin
['INFO ]2023-09-13 23:46:41,865(YYYY-MM-ddHH:MM:ss.SSS][main]step_definitions.Student1)-Admin is on dashboard page : 
['INFO ]2023-09-13 23:46:46,950(YYYY-MM-ddHH:MM:ss.SSS][main]step_definitions.common_step_definition1)-Instantiation the commonutils
['INFO ]2023-09-13 23:46:46,951(YYYY-MM-ddHH:MM:ss.SSS][main]step_definitions.common_step_definition1)-Launch Browser
['INFO ]2023-09-13 23:46:46,959(YYYY-MM-ddHH:MM:ss.SSS][main]step_definitions.Student1)-Logged on to LMS portl as Admin
['INFO ]2023-09-13 23:46:47,143(YYYY-MM-ddHH:MM:ss.SSS][main]step_definitions.Student1)-Admin is on dashboard page : 
['INFO ]2023-09-13 23:46:52,189(YYYY-MM-ddHH:MM:ss.SSS][main]step_definitions.common_step_definition1)-Instantiation the commonutils
['INFO ]2023-09-13 23:46:52,189(YYYY-MM-ddHH:MM:ss.SSS][main]step_definitions.common_step_definition1)-Launch Browser
['INFO ]2023-09-13 23:46:52,194(YYYY-MM-ddHH:MM:ss.SSS][main]step_definitions.Student1)-Logged on to LMS portl as Admin
['INFO ]2023-09-13 23:46:52,397(YYYY-MM-ddHH:MM:ss.SSS][main]step_definitions.Student1)-Admin is on dashboard page : 
['INFO ]2023-09-13 23:46:57,495(YYYY-MM-ddHH:MM:ss.SSS][main]step_definitions.common_step_definition1)-Instantiation the commonutils
['INFO ]2023-09-13 23:46:57,496(YYYY-MM-ddHH:MM:ss.SSS][main]step_definitions.common_step_definition1)-Launch Browser
['INFO ]2023-09-13 23:46:57,499(YYYY-MM-ddHH:MM:ss.SSS][main]step_definitions.Student1)-Logged on to LMS portl as Admin
['INFO ]2023-09-13 23:46:57,675(YYYY-MM-ddHH:MM:ss.SSS][main]step_definitions.Student1)-Admin is on dashboard page : 
['INFO ]2023-09-13 23:47:02,722(YYYY-MM-ddHH:MM:ss.SSS][main]step_definitions.common_step_definition1)-Instantiation the commonutils
['INFO ]2023-09-13 23:47:02,723(YYYY-MM-ddHH:MM:ss.SSS][main]step_definitions.common_step_definition1)-Launch Browser
['INFO ]2023-09-13 23:47:02,726(YYYY-MM-ddHH:MM:ss.SSS][main]step_definitions.Student1)-Logged on to LMS portl as Admin
['INFO ]2023-09-13 23:47:02,911(YYYY-MM-ddHH:MM:ss.SSS][main]step_definitions.Student1)-Admin is on dashboard page : 
['INFO ]2023-09-13 23:47:07,982(YYYY-MM-ddHH:MM:ss.SSS][main]step_definitions.common_step_definition1)-Instantiation the commonutils
['INFO ]2023-09-13 23:47:07,983(YYYY-MM-ddHH:MM:ss.SSS][main]step_definitions.common_step_definition1)-Launch Browser
['INFO ]2023-09-13 23:47:07,986(YYYY-MM-ddHH:MM:ss.SSS][main]step_definitions.Student1)-Logged on to LMS portl as Admin
['INFO ]2023-09-13 23:47:08,150(YYYY-MM-ddHH:MM:ss.SSS][main]step_definitions.Student1)-Admin is on dashboard page : 
['INFO ]2023-09-13 23:47:13,186(YYYY-MM-ddHH:MM:ss.SSS][main]step_definitions.common_step_definition1)-Instantiation the commonutils
['INFO ]2023-09-13 23:47:13,187(YYYY-MM-ddHH:MM:ss.SSS][main]step_definitions.common_step_definition1)-Launch Browser
['INFO ]2023-09-13 23:47:13,189(YYYY-MM-ddHH:MM:ss.SSS][main]step_definitions.Student1)-Logged on to LMS portl as Admin
['INFO ]2023-09-13 23:47:13,352(YYYY-MM-ddHH:MM:ss.SSS][main]step_definitions.Student1)-Admin is on dashboard page : 
['INFO ]2023-09-13 23:47:18,392(YYYY-MM-ddHH:MM:ss.SSS][main]step_definitions.common_step_definition1)-Instantiation the commonutils
['INFO ]2023-09-13 23:47:18,393(YYYY-MM-ddHH:MM:ss.SSS][main]step_definitions.common_step_definition1)-Launch Browser
['INFO ]2023-09-13 23:47:18,396(YYYY-MM-ddHH:MM:ss.SSS][main]step_definitions.Student1)-Logged on to LMS portl as Admin
['INFO ]2023-09-13 23:47:18,567(YYYY-MM-ddHH:MM:ss.SSS][main]step_definitions.Student1)-Admin is on dashboard page : 
['INFO ]2023-09-13 23:47:23,638(YYYY-MM-ddHH:MM:ss.SSS][main]step_definitions.common_step_definition1)-Instantiation the commonutils
['INFO ]2023-09-13 23:47:23,640(YYYY-MM-ddHH:MM:ss.SSS][main]step_definitions.common_step_definition1)-Launch Browser
['INFO ]2023-09-13 23:47:23,645(YYYY-MM-ddHH:MM:ss.SSS][main]step_definitions.Student1)-Logged on to LMS portl as Admin
['INFO ]2023-09-13 23:47:23,727(YYYY-MM-ddHH:MM:ss.SSS][main]step_definitions.Student1)-Admin is on dashboard page : 
['INFO ]2023-09-13 23:47:28,755(YYYY-MM-ddHH:MM:ss.SSS][main]step_definitions.common_step_definition1)-Instantiation the commonutils
['INFO ]2023-09-13 23:47:28,755(YYYY-MM-ddHH:MM:ss.SSS][main]step_definitions.common_step_definition1)-Launch Browser
['INFO ]2023-09-13 23:47:28,757(YYYY-MM-ddHH:MM:ss.SSS][main]step_definitions.Student1)-Logged on to LMS portl as Admin
['INFO ]2023-09-13 23:47:28,847(YYYY-MM-ddHH:MM:ss.SSS][main]step_definitions.Student1)-Admin is on dashboard page : 
['INFO ]2023-09-13 23:47:33,884(YYYY-MM-ddHH:MM:ss.SSS][main]step_definitions.common_step_definition1)-Instantiation the commonutils
['INFO ]2023-09-13 23:47:33,884(YYYY-MM-ddHH:MM:ss.SSS][main]step_definitions.common_step_definition1)-Launch Browser
['INFO ]2023-09-13 23:47:33,887(YYYY-MM-ddHH:MM:ss.SSS][main]step_definitions.Student1)-Logged on to LMS portl as Admin
['INFO ]2023-09-13 23:47:33,970(YYYY-MM-ddHH:MM:ss.SSS][main]step_definitions.Student1)-Admin is on dashboard page : 
['INFO ]2023-09-13 23:47:39,011(YYYY-MM-ddHH:MM:ss.SSS][main]step_definitions.common_step_definition1)-Instantiation the commonutils
['INFO ]2023-09-13 23:47:39,011(YYYY-MM-ddHH:MM:ss.SSS][main]step_definitions.common_step_definition1)-Launch Browser
['INFO ]2023-09-13 23:47:39,013(YYYY-MM-ddHH:MM:ss.SSS][main]step_definitions.Student1)-Logged on to LMS portl as Admin
['INFO ]2023-09-13 23:47:39,109(YYYY-MM-ddHH:MM:ss.SSS][main]step_definitions.Student1)-Admin is on dashboard page : 
['INFO ]2023-09-13 23:47:44,146(YYYY-MM-ddHH:MM:ss.SSS][main]step_definitions.common_step_definition1)-Instantiation the commonutils
['INFO ]2023-09-13 23:47:44,147(YYYY-MM-ddHH:MM:ss.SSS][main]step_definitions.common_step_definition1)-Launch Browser
['INFO ]2023-09-13 23:47:44,150(YYYY-MM-ddHH:MM:ss.SSS][main]step_definitions.Student1)-Admin loggen in and on student details page
['INFO ]2023-09-13 23:47:44,151(YYYY-MM-ddHH:MM:ss.SSS][main]step_definitions.Student1)-Admin is on student details page
['INFO ]2023-09-13 23:47:44,152(YYYY-MM-ddHH:MM:ss.SSS][main]step_definitions.Student1)-Admin selects the student name from the dropdown
['INFO ]2023-09-13 23:47:49,175(YYYY-MM-ddHH:MM:ss.SSS][main]step_definitions.common_step_definition1)-Instantiation the commonutils
['INFO ]2023-09-13 23:47:49,175(YYYY-MM-ddHH:MM:ss.SSS][main]step_definitions.common_step_definition1)-Launch Browser
['INFO ]2023-09-13 23:47:49,180(YYYY-MM-ddHH:MM:ss.SSS][main]step_definitions.Student1)-Admin loggen in and on student details page
['INFO ]2023-09-13 23:47:49,181(YYYY-MM-ddHH:MM:ss.SSS][main]step_definitions.Student1)-Admin is on student details page
['INFO ]2023-09-13 23:47:49,181(YYYY-MM-ddHH:MM:ss.SSS][main]step_definitions.Student1)-Admin selects a batch id from the dropdown
['INFO ]2023-09-13 23:47:54,251(YYYY-MM-ddHH:MM:ss.SSS][main]step_definitions.common_step_definition1)-Instantiation the commonutils
['INFO ]2023-09-13 23:47:54,252(YYYY-MM-ddHH:MM:ss.SSS][main]step_definitions.common_step_definition1)-Launch Browser
['INFO ]2023-09-13 23:47:54,255(YYYY-MM-ddHH:MM:ss.SSS][main]step_definitions.Student1)-Admin loggen in and on student details page
['INFO ]2023-09-13 23:47:54,256(YYYY-MM-ddHH:MM:ss.SSS][main]step_definitions.Student1)-Admin is on student details page
['INFO ]2023-09-13 23:47:59,286(YYYY-MM-ddHH:MM:ss.SSS][main]step_definitions.common_step_definition1)-Instantiation the commonutils
['INFO ]2023-09-13 23:47:59,286(YYYY-MM-ddHH:MM:ss.SSS][main]step_definitions.common_step_definition1)-Launch Browser
['INFO ]2023-09-13 23:47:59,289(YYYY-MM-ddHH:MM:ss.SSS][main]step_definitions.Student1)-Admin loggen in and on student details page
['INFO ]2023-09-13 23:47:59,290(YYYY-MM-ddHH:MM:ss.SSS][main]step_definitions.Student1)-Admin is on student details page
['INFO ]2023-09-13 23:48:04,332(YYYY-MM-ddHH:MM:ss.SSS][main]step_definitions.common_step_definition1)-Instantiation the commonutils
['INFO ]2023-09-13 23:48:04,332(YYYY-MM-ddHH:MM:ss.SSS][main]step_definitions.common_step_definition1)-Launch Browser
['INFO ]2023-09-13 23:48:04,335(YYYY-MM-ddHH:MM:ss.SSS][main]step_definitions.Student1)-Admin loggen in and on student details page
['INFO ]2023-09-13 23:48:04,336(YYYY-MM-ddHH:MM:ss.SSS][main]step_definitions.Student1)-Admin is on student details page
['INFO ]2023-09-13 23:48:09,394(YYYY-MM-ddHH:MM:ss.SSS][main]step_definitions.common_step_definition1)-Instantiation the commonutils
['INFO ]2023-09-13 23:48:09,394(YYYY-MM-ddHH:MM:ss.SSS][main]step_definitions.common_step_definition1)-Launch Browser
['INFO ]2023-09-13 23:48:09,397(YYYY-MM-ddHH:MM:ss.SSS][main]step_definitions.Student1)-Admin loggen in and on student details page
['INFO ]2023-09-13 23:48:09,397(YYYY-MM-ddHH:MM:ss.SSS][main]step_definitions.Student1)-Admin is on student details page
['INFO ]2023-09-13 23:48:14,472(YYYY-MM-ddHH:MM:ss.SSS][main]step_definitions.common_step_definition1)-Instantiation the commonutils
['INFO ]2023-09-13 23:48:14,473(YYYY-MM-ddHH:MM:ss.SSS][main]step_definitions.common_step_definition1)-Launch Browser
['INFO ]2023-09-13 23:48:14,475(YYYY-MM-ddHH:MM:ss.SSS][main]step_definitions.Student1)-Admin loggen in and on student details page
['INFO ]2023-09-13 23:48:14,476(YYYY-MM-ddHH:MM:ss.SSS][main]step_definitions.Student1)-Admin is on student details page
['INFO ]2023-09-13 23:48:19,526(YYYY-MM-ddHH:MM:ss.SSS][main]step_definitions.common_step_definition1)-Instantiation the commonutils
['INFO ]2023-09-13 23:48:19,526(YYYY-MM-ddHH:MM:ss.SSS][main]step_definitions.common_step_definition1)-Launch Browser
['INFO ]2023-09-13 23:48:19,530(YYYY-MM-ddHH:MM:ss.SSS][main]step_definitions.Student1)-Admin loggen in and on student details page
['INFO ]2023-09-13 23:48:19,531(YYYY-MM-ddHH:MM:ss.SSS][main]step_definitions.Student1)-Admin is on student details page
['INFO ]2023-09-13 23:48:24,605(YYYY-MM-ddHH:MM:ss.SSS][main]step_definitions.common_step_definition1)-Instantiation the commonutils
['INFO ]2023-09-13 23:48:24,605(YYYY-MM-ddHH:MM:ss.SSS][main]step_definitions.common_step_definition1)-Launch Browser
['INFO ]2023-09-13 23:48:24,608(YYYY-MM-ddHH:MM:ss.SSS][main]step_definitions.Student1)-Admin loggen in and on student details page
['INFO ]2023-09-13 23:48:24,609(YYYY-MM-ddHH:MM:ss.SSS][main]step_definitions.Student1)-Admin is on student details page
['INFO ]2023-09-13 23:48:29,656(YYYY-MM-ddHH:MM:ss.SSS][main]step_definitions.common_step_definition1)-Instantiation the commonutils
['INFO ]2023-09-13 23:48:29,656(YYYY-MM-ddHH:MM:ss.SSS][main]step_definitions.common_step_definition1)-Launch Browser
['INFO ]2023-09-13 23:48:29,660(YYYY-MM-ddHH:MM:ss.SSS][main]step_definitions.Student1)-Admin loggen in and on student details page
['INFO ]2023-09-13 23:48:29,661(YYYY-MM-ddHH:MM:ss.SSS][main]step_definitions.Student1)-Admin is on student details page
['INFO ]2023-09-13 23:48:34,722(YYYY-MM-ddHH:MM:ss.SSS][main]step_definitions.common_step_definition1)-Instantiation the commonutils
['INFO ]2023-09-13 23:48:34,722(YYYY-MM-ddHH:MM:ss.SSS][main]step_definitions.common_step_definition1)-Launch Browser
['INFO ]2023-09-13 23:48:34,725(YYYY-MM-ddHH:MM:ss.SSS][main]step_definitions.Student1)-Admin loggen in and on student details page
['INFO ]2023-09-13 23:48:34,726(YYYY-MM-ddHH:MM:ss.SSS][main]step_definitions.Student1)-Admin is on student details page
['INFO ]2023-09-13 23:48:39,746(YYYY-MM-ddHH:MM:ss.SSS][main]step_definitions.common_step_definition1)-Instantiation the commonutils
['INFO ]2023-09-13 23:48:39,746(YYYY-MM-ddHH:MM:ss.SSS][main]step_definitions.common_step_definition1)-Launch Browser
['INFO ]2023-09-13 23:48:39,750(YYYY-MM-ddHH:MM:ss.SSS][main]step_definitions.Student1)-Admin loggen in and on student details page
['INFO ]2023-09-13 23:48:39,751(YYYY-MM-ddHH:MM:ss.SSS][main]step_definitions.Student1)-Admin is on student details page
['INFO ]2023-09-13 23:48:44,794(YYYY-MM-ddHH:MM:ss.SSS][main]step_definitions.common_step_definition1)-Instantiation the commonutils
['INFO ]2023-09-13 23:48:44,794(YYYY-MM-ddHH:MM:ss.SSS][main]step_definitions.common_step_definition1)-Launch Browser
['INFO ]2023-09-13 23:48:44,797(YYYY-MM-ddHH:MM:ss.SSS][main]step_definitions.Student1)-Admin loggen in and on student details page
['INFO ]2023-09-13 23:48:44,798(YYYY-MM-ddHH:MM:ss.SSS][main]step_definitions.Student1)-Admin is on student details page
['INFO ]2023-09-13 23:48:49,863(YYYY-MM-ddHH:MM:ss.SSS][main]step_definitions.common_step_definition1)-Instantiation the commonutils
['INFO ]2023-09-13 23:48:49,864(YYYY-MM-ddHH:MM:ss.SSS][main]step_definitions.common_step_definition1)-Launch Browser
['INFO ]2023-09-13 23:48:49,868(YYYY-MM-ddHH:MM:ss.SSS][main]step_definitions.Student1)-Admin loggen in and on student details page
['INFO ]2023-09-13 23:48:49,870(YYYY-MM-ddHH:MM:ss.SSS][main]step_definitions.Student1)-Admin is on student details page
['INFO ]2023-09-13 23:48:54,941(YYYY-MM-ddHH:MM:ss.SSS][main]step_definitions.common_step_definition1)-Instantiation the commonutils
['INFO ]2023-09-13 23:48:54,941(YYYY-MM-ddHH:MM:ss.SSS][main]step_definitions.common_step_definition1)-Launch Browser
['INFO ]2023-09-13 23:48:54,945(YYYY-MM-ddHH:MM:ss.SSS][main]page_objects.StudentModule1)-Logged on to LMS portl
['INFO ]2023-09-13 23:49:01,250(YYYY-MM-ddHH:MM:ss.SSS][main]step_definitions.common_step_definition1)-Instantiation the commonutils
['INFO ]2023-09-13 23:49:01,250(YYYY-MM-ddHH:MM:ss.SSS][main]step_definitions.common_step_definition1)-Launch Browser
['INFO ]2023-09-13 23:49:01,253(YYYY-MM-ddHH:MM:ss.SSS][main]page_objects.StudentModule1)-Logged on to LMS portl
['INFO ]2023-09-13 23:49:07,395(YYYY-MM-ddHH:MM:ss.SSS][main]step_definitions.common_step_definition1)-Instantiation the commonutils
['INFO ]2023-09-13 23:49:07,396(YYYY-MM-ddHH:MM:ss.SSS][main]step_definitions.common_step_definition1)-Launch Browser
['INFO ]2023-09-13 23:49:07,400(YYYY-MM-ddHH:MM:ss.SSS][main]page_objects.StudentModule1)-Logged on to LMS portl
['INFO ]2023-09-13 23:49:13,564(YYYY-MM-ddHH:MM:ss.SSS][main]step_definitions.common_step_definition1)-Instantiation the commonutils
['INFO ]2023-09-13 23:49:13,565(YYYY-MM-ddHH:MM:ss.SSS][main]step_definitions.common_step_definition1)-Launch Browser
['INFO ]2023-09-13 23:49:13,570(YYYY-MM-ddHH:MM:ss.SSS][main]page_objects.StudentModule1)-Logged on to LMS portl
['INFO ]2023-09-13 23:49:19,691(YYYY-MM-ddHH:MM:ss.SSS][main]step_definitions.common_step_definition1)-Instantiation the commonutils
['INFO ]2023-09-13 23:49:19,692(YYYY-MM-ddHH:MM:ss.SSS][main]step_definitions.common_step_definition1)-Launch Browser
['INFO ]2023-09-13 23:49:19,694(YYYY-MM-ddHH:MM:ss.SSS][main]page_objects.StudentModule1)-Logged on to LMS portl
['INFO ]2023-09-13 23:49:25,848(YYYY-MM-ddHH:MM:ss.SSS][main]step_definitions.common_step_definition1)-Instantiation the commonutils
['INFO ]2023-09-13 23:49:25,849(YYYY-MM-ddHH:MM:ss.SSS][main]step_definitions.common_step_definition1)-Launch Browser
['INFO ]2023-09-13 23:49:25,851(YYYY-MM-ddHH:MM:ss.SSS][main]page_objects.StudentModule1)-Logged on to LMS portl
['INFO ]2023-09-13 23:49:32,003(YYYY-MM-ddHH:MM:ss.SSS][main]step_definitions.common_step_definition1)-Instantiation the commonutils
['INFO ]2023-09-13 23:49:32,004(YYYY-MM-ddHH:MM:ss.SSS][main]step_definitions.common_step_definition1)-Launch Browser
['INFO ]2023-09-13 23:49:32,008(YYYY-MM-ddHH:MM:ss.SSS][main]page_objects.StudentModule1)-Logged on to LMS portl
['INFO ]2023-09-13 23:49:38,149(YYYY-MM-ddHH:MM:ss.SSS][main]step_definitions.common_step_definition1)-Instantiation the commonutils
['INFO ]2023-09-13 23:49:38,150(YYYY-MM-ddHH:MM:ss.SSS][main]step_definitions.common_step_definition1)-Launch Browser
['INFO ]2023-09-13 23:49:38,152(YYYY-MM-ddHH:MM:ss.SSS][main]page_objects.StudentModule1)-Logged on to LMS portl
['INFO ]2023-09-13 23:49:44,274(YYYY-MM-ddHH:MM:ss.SSS][main]step_definitions.common_step_definition1)-Instantiation the commonutils
['INFO ]2023-09-13 23:49:44,274(YYYY-MM-ddHH:MM:ss.SSS][main]step_definitions.common_step_definition1)-Launch Browser
['INFO ]2023-09-13 23:49:44,278(YYYY-MM-ddHH:MM:ss.SSS][main]page_objects.StudentModule1)-Logged on to LMS portl
['INFO ]2023-09-13 23:49:50,434(YYYY-MM-ddHH:MM:ss.SSS][main]step_definitions.common_step_definition1)-Instantiation the commonutils
['INFO ]2023-09-13 23:49:50,436(YYYY-MM-ddHH:MM:ss.SSS][main]step_definitions.common_step_definition1)-Launch Browser
['INFO ]2023-09-13 23:49:50,441(YYYY-MM-ddHH:MM:ss.SSS][main]page_objects.StudentModule1)-Logged on to LMS portl
['INFO ]2023-09-13 23:49:56,624(YYYY-MM-ddHH:MM:ss.SSS][main]step_definitions.common_step_definition1)-Instantiation the commonutils
['INFO ]2023-09-13 23:49:56,624(YYYY-MM-ddHH:MM:ss.SSS][main]step_definitions.common_step_definition1)-Launch Browser
['INFO ]2023-09-13 23:49:56,626(YYYY-MM-ddHH:MM:ss.SSS][main]page_objects.StudentModule1)-Logged on to LMS portl
['INFO ]2023-09-13 23:50:02,771(YYYY-MM-ddHH:MM:ss.SSS][main]step_definitions.common_step_definition1)-Instantiation the commonutils
['INFO ]2023-09-13 23:50:02,771(YYYY-MM-ddHH:MM:ss.SSS][main]step_definitions.common_step_definition1)-Launch Browser
['INFO ]2023-09-13 23:50:02,774(YYYY-MM-ddHH:MM:ss.SSS][main]page_objects.StudentModule1)-Logged on to LMS portl
['INFO ]2023-09-13 23:50:08,953(YYYY-MM-ddHH:MM:ss.SSS][main]step_definitions.common_step_definition1)-Instantiation the commonutils
['INFO ]2023-09-13 23:50:08,955(YYYY-MM-ddHH:MM:ss.SSS][main]step_definitions.common_step_definition1)-Launch Browser
['INFO ]2023-09-13 23:50:08,963(YYYY-MM-ddHH:MM:ss.SSS][main]page_objects.StudentModule1)-Logged on to LMS portl
['INFO ]2023-09-13 23:50:08,980(YYYY-MM-ddHH:MM:ss.SSS][main]step_definitions.common_step_definition1)-Instantiation the commonutils
['INFO ]2023-09-13 23:50:08,981(YYYY-MM-ddHH:MM:ss.SSS][main]step_definitions.common_step_definition1)-Launch Browser
['INFO ]2023-09-13 23:50:08,983(YYYY-MM-ddHH:MM:ss.SSS][main]page_objects.StudentModule1)-Logged on to LMS portl
['INFO ]2023-09-13 23:50:09,002(YYYY-MM-ddHH:MM:ss.SSS][main]step_definitions.common_step_definition1)-Instantiation the commonutils
['INFO ]2023-09-13 23:50:09,002(YYYY-MM-ddHH:MM:ss.SSS][main]step_definitions.common_step_definition1)-Launch Browser
['INFO ]2023-09-13 23:50:09,008(YYYY-MM-ddHH:MM:ss.SSS][main]page_objects.StudentModule1)-Logged on to LMS portl
['INFO ]2023-09-13 23:50:09,025(YYYY-MM-ddHH:MM:ss.SSS][main]step_definitions.common_step_definition1)-Instantiation the commonutils
['INFO ]2023-09-13 23:50:09,026(YYYY-MM-ddHH:MM:ss.SSS][main]step_definitions.common_step_definition1)-Launch Browser
['INFO ]2023-09-13 23:50:09,028(YYYY-MM-ddHH:MM:ss.SSS][main]page_objects.StudentModule1)-Logged on to LMS portl
['INFO ]2023-09-13 23:50:09,054(YYYY-MM-ddHH:MM:ss.SSS][main]step_definitions.common_step_definition1)-Instantiation the commonutils
['INFO ]2023-09-13 23:50:09,054(YYYY-MM-ddHH:MM:ss.SSS][main]step_definitions.common_step_definition1)-Launch Browser
['INFO ]2023-09-13 23:50:09,057(YYYY-MM-ddHH:MM:ss.SSS][main]page_objects.StudentModule1)-Logged on to LMS portl
['INFO ]2023-09-13 23:50:09,077(YYYY-MM-ddHH:MM:ss.SSS][main]step_definitions.common_step_definition1)-Instantiation the commonutils
['INFO ]2023-09-13 23:50:09,078(YYYY-MM-ddHH:MM:ss.SSS][main]step_definitions.common_step_definition1)-Launch Browser
['INFO ]2023-09-13 23:50:09,080(YYYY-MM-ddHH:MM:ss.SSS][main]page_objects.StudentModule1)-Logged on to LMS portl
['INFO ]2023-09-13 23:50:09,104(YYYY-MM-ddHH:MM:ss.SSS][main]step_definitions.common_step_definition1)-Instantiation the commonutils
['INFO ]2023-09-13 23:50:09,105(YYYY-MM-ddHH:MM:ss.SSS][main]step_definitions.common_step_definition1)-Launch Browser
['INFO ]2023-09-13 23:50:09,107(YYYY-MM-ddHH:MM:ss.SSS][main]page_objects.StudentModule1)-Logged on to LMS portl
['INFO ]2023-09-13 23:50:09,133(YYYY-MM-ddHH:MM:ss.SSS][main]step_definitions.common_step_definition1)-Instantiation the commonutils
['INFO ]2023-09-13 23:50:09,134(YYYY-MM-ddHH:MM:ss.SSS][main]step_definitions.common_step_definition1)-Launch Browser
['INFO ]2023-09-13 23:50:09,136(YYYY-MM-ddHH:MM:ss.SSS][main]page_objects.StudentModule1)-Logged on to LMS portl
['INFO ]2023-09-13 23:50:14,485(YYYY-MM-ddHH:MM:ss.SSS][main]step_definitions.common_step_definition1)-Instantiation the commonutils
['INFO ]2023-09-13 23:50:14,486(YYYY-MM-ddHH:MM:ss.SSS][main]step_definitions.common_step_definition1)-Launch Browser
['INFO ]2023-09-13 23:50:14,490(YYYY-MM-ddHH:MM:ss.SSS][main]page_objects.StudentModule1)-Logged on to LMS portl
['INFO ]2023-09-13 23:50:19,704(YYYY-MM-ddHH:MM:ss.SSS][main]step_definitions.common_step_definition1)-Instantiation the commonutils
['INFO ]2023-09-13 23:50:19,705(YYYY-MM-ddHH:MM:ss.SSS][main]step_definitions.common_step_definition1)-Launch Browser
['INFO ]2023-09-13 23:50:19,709(YYYY-MM-ddHH:MM:ss.SSS][main]page_objects.StudentModule1)-Logged on to LMS portl
['INFO ]2023-09-13 23:50:24,819(YYYY-MM-ddHH:MM:ss.SSS][main]step_definitions.common_step_definition1)-Instantiation the commonutils
['INFO ]2023-09-13 23:50:24,819(YYYY-MM-ddHH:MM:ss.SSS][main]step_definitions.common_step_definition1)-Launch Browser
['INFO ]2023-09-13 23:50:24,822(YYYY-MM-ddHH:MM:ss.SSS][main]page_objects.StudentModule1)-Logged on to LMS portl
['INFO ]2023-09-13 23:50:29,943(YYYY-MM-ddHH:MM:ss.SSS][main]step_definitions.common_step_definition1)-Instantiation the commonutils
['INFO ]2023-09-13 23:50:29,944(YYYY-MM-ddHH:MM:ss.SSS][main]step_definitions.common_step_definition1)-Launch Browser
['INFO ]2023-09-13 23:50:29,946(YYYY-MM-ddHH:MM:ss.SSS][main]page_objects.StudentModule1)-Logged on to LMS portl
['INFO ]2023-09-13 23:50:35,087(YYYY-MM-ddHH:MM:ss.SSS][main]step_definitions.common_step_definition1)-Instantiation the commonutils
['INFO ]2023-09-13 23:50:35,088(YYYY-MM-ddHH:MM:ss.SSS][main]step_definitions.common_step_definition1)-Launch Browser
['INFO ]2023-09-13 23:50:35,091(YYYY-MM-ddHH:MM:ss.SSS][main]page_objects.StudentModule1)-Logged on to LMS portl
['INFO ]2023-09-13 23:50:40,212(YYYY-MM-ddHH:MM:ss.SSS][main]step_definitions.common_step_definition1)-Instantiation the commonutils
['INFO ]2023-09-13 23:50:40,212(YYYY-MM-ddHH:MM:ss.SSS][main]step_definitions.common_step_definition1)-Launch Browser
['INFO ]2023-09-13 23:50:40,215(YYYY-MM-ddHH:MM:ss.SSS][main]page_objects.StudentModule1)-Logged on to LMS portl
['INFO ]2023-09-13 23:50:45,421(YYYY-MM-ddHH:MM:ss.SSS][main]step_definitions.common_step_definition1)-Instantiation the commonutils
['INFO ]2023-09-13 23:50:45,421(YYYY-MM-ddHH:MM:ss.SSS][main]step_definitions.common_step_definition1)-Launch Browser
['INFO ]2023-09-13 23:50:45,425(YYYY-MM-ddHH:MM:ss.SSS][main]page_objects.StudentModule1)-Logged on to LMS portl
['INFO ]2023-09-13 23:50:50,574(YYYY-MM-ddHH:MM:ss.SSS][main]step_definitions.common_step_definition1)-Instantiation the commonutils
['INFO ]2023-09-13 23:50:50,575(YYYY-MM-ddHH:MM:ss.SSS][main]step_definitions.common_step_definition1)-Launch Browser
['INFO ]2023-09-13 23:50:50,576(YYYY-MM-ddHH:MM:ss.SSS][main]page_objects.StudentModule1)-Logged on to LMS portl
['INFO ]2023-09-13 23:50:50,598(YYYY-MM-ddHH:MM:ss.SSS][main]step_definitions.common_step_definition1)-Instantiation the commonutils
['INFO ]2023-09-13 23:50:50,600(YYYY-MM-ddHH:MM:ss.SSS][main]step_definitions.common_step_definition1)-Launch Browser
['INFO ]2023-09-13 23:50:50,605(YYYY-MM-ddHH:MM:ss.SSS][main]page_objects.StudentModule1)-Logged on to LMS portl
['INFO ]2023-09-13 23:50:55,860(YYYY-MM-ddHH:MM:ss.SSS][main]step_definitions.common_step_definition1)-Instantiation the commonutils
['INFO ]2023-09-13 23:50:55,861(YYYY-MM-ddHH:MM:ss.SSS][main]step_definitions.common_step_definition1)-Launch Browser
['INFO ]2023-09-13 23:50:55,866(YYYY-MM-ddHH:MM:ss.SSS][main]page_objects.StudentModule1)-Logged on to LMS portl
['INFO ]2023-09-13 23:51:00,992(YYYY-MM-ddHH:MM:ss.SSS][main]step_definitions.common_step_definition1)-Instantiation the commonutils
['INFO ]2023-09-13 23:51:00,993(YYYY-MM-ddHH:MM:ss.SSS][main]step_definitions.common_step_definition1)-Launch Browser
['INFO ]2023-09-13 23:51:00,996(YYYY-MM-ddHH:MM:ss.SSS][main]page_objects.StudentModule1)-Logged on to LMS portl
['INFO ]2023-09-13 23:51:06,112(YYYY-MM-ddHH:MM:ss.SSS][main]step_definitions.common_step_definition1)-Instantiation the commonutils
['INFO ]2023-09-13 23:51:06,112(YYYY-MM-ddHH:MM:ss.SSS][main]step_definitions.common_step_definition1)-Launch Browser
['INFO ]2023-09-13 23:51:06,119(YYYY-MM-ddHH:MM:ss.SSS][main]page_objects.StudentModule1)-Logged on to LMS portl
['INFO ]2023-09-13 23:51:11,285(YYYY-MM-ddHH:MM:ss.SSS][main]step_definitions.common_step_definition1)-Instantiation the commonutils
['INFO ]2023-09-13 23:51:11,286(YYYY-MM-ddHH:MM:ss.SSS][main]step_definitions.common_step_definition1)-Launch Browser
['INFO ]2023-09-13 23:51:11,288(YYYY-MM-ddHH:MM:ss.SSS][main]page_objects.StudentModule1)-Logged on to LMS portl
['INFO ]2023-09-13 23:51:16,451(YYYY-MM-ddHH:MM:ss.SSS][main]step_definitions.common_step_definition1)-Instantiation the commonutils
['INFO ]2023-09-13 23:51:16,451(YYYY-MM-ddHH:MM:ss.SSS][main]step_definitions.common_step_definition1)-Launch Browser
['INFO ]2023-09-13 23:51:16,453(YYYY-MM-ddHH:MM:ss.SSS][main]page_objects.StudentModule1)-Logged on to LMS portl
['INFO ]2023-09-13 23:51:21,557(YYYY-MM-ddHH:MM:ss.SSS][main]step_definitions.common_step_definition1)-Instantiation the commonutils
['INFO ]2023-09-13 23:51:21,557(YYYY-MM-ddHH:MM:ss.SSS][main]step_definitions.common_step_definition1)-Launch Browser
['INFO ]2023-09-13 23:51:21,560(YYYY-MM-ddHH:MM:ss.SSS][main]page_objects.StudentModule1)-Logged on to LMS portl
['INFO ]2023-09-13 23:51:21,584(YYYY-MM-ddHH:MM:ss.SSS][main]step_definitions.common_step_definition1)-Instantiation the commonutils
['INFO ]2023-09-13 23:51:21,584(YYYY-MM-ddHH:MM:ss.SSS][main]step_definitions.common_step_definition1)-Launch Browser
['INFO ]2023-09-13 23:51:21,586(YYYY-MM-ddHH:MM:ss.SSS][main]page_objects.StudentModule1)-Logged on to LMS portl
['INFO ]2023-09-13 23:51:21,615(YYYY-MM-ddHH:MM:ss.SSS][main]step_definitions.common_step_definition1)-Instantiation the commonutils
['INFO ]2023-09-13 23:51:21,615(YYYY-MM-ddHH:MM:ss.SSS][main]step_definitions.common_step_definition1)-Launch Browser
['INFO ]2023-09-13 23:51:21,617(YYYY-MM-ddHH:MM:ss.SSS][main]page_objects.StudentModule1)-Logged on to LMS portl
['INFO ]2023-09-13 23:51:26,734(YYYY-MM-ddHH:MM:ss.SSS][main]step_definitions.common_step_definition1)-Instantiation the commonutils
['INFO ]2023-09-13 23:51:26,735(YYYY-MM-ddHH:MM:ss.SSS][main]step_definitions.common_step_definition1)-Launch Browser
['INFO ]2023-09-13 23:51:26,737(YYYY-MM-ddHH:MM:ss.SSS][main]page_objects.StudentModule1)-Logged on to LMS portl
['INFO ]2023-09-13 23:51:31,848(YYYY-MM-ddHH:MM:ss.SSS][main]step_definitions.common_step_definition1)-Instantiation the commonutils
['INFO ]2023-09-13 23:51:31,848(YYYY-MM-ddHH:MM:ss.SSS][main]step_definitions.common_step_definition1)-Launch Browser
['INFO ]2023-09-13 23:51:31,851(YYYY-MM-ddHH:MM:ss.SSS][main]page_objects.StudentModule1)-Logged on to LMS portl
['INFO ]2023-09-13 23:51:37,016(YYYY-MM-ddHH:MM:ss.SSS][main]step_definitions.common_step_definition1)-Instantiation the commonutils
['INFO ]2023-09-13 23:51:37,017(YYYY-MM-ddHH:MM:ss.SSS][main]step_definitions.common_step_definition1)-Launch Browser
['INFO ]2023-09-13 23:51:37,021(YYYY-MM-ddHH:MM:ss.SSS][main]page_objects.StudentModule1)-Logged on to LMS portl
['INFO ]2023-09-13 23:51:42,347(YYYY-MM-ddHH:MM:ss.SSS][main]step_definitions.common_step_definition1)-Instantiation the commonutils
['INFO ]2023-09-13 23:51:42,350(YYYY-MM-ddHH:MM:ss.SSS][main]step_definitions.common_step_definition1)-Launch Browser
['INFO ]2023-09-13 23:51:47,623(YYYY-MM-ddHH:MM:ss.SSS][main]step_definitions.common_step_definition1)-Instantiation the commonutils
['INFO ]2023-09-13 23:51:47,624(YYYY-MM-ddHH:MM:ss.SSS][main]step_definitions.common_step_definition1)-Launch Browser
['INFO ]2023-09-13 23:51:52,746(YYYY-MM-ddHH:MM:ss.SSS][main]step_definitions.common_step_definition1)-Instantiation the commonutils
['INFO ]2023-09-13 23:51:52,747(YYYY-MM-ddHH:MM:ss.SSS][main]step_definitions.common_step_definition1)-Launch Browser
['INFO ]2023-09-13 23:52:02,876(YYYY-MM-ddHH:MM:ss.SSS][main]step_definitions.ManageProgramModule1)-Two or more checkboxes in rows are selected
['INFO ]2023-09-13 23:52:07,958(YYYY-MM-ddHH:MM:ss.SSS][main]step_definitions.common_step_definition1)-Instantiation the commonutils
['INFO ]2023-09-13 23:52:07,959(YYYY-MM-ddHH:MM:ss.SSS][main]step_definitions.common_step_definition1)-Launch Browser
['INFO ]2023-09-13 23:52:18,140(YYYY-MM-ddHH:MM:ss.SSS][main]step_definitions.ManageProgramModule1)-Two or more checkboxes in rows are selected
['INFO ]2023-09-13 23:52:23,227(YYYY-MM-ddHH:MM:ss.SSS][main]step_definitions.common_step_definition1)-Instantiation the commonutils
['INFO ]2023-09-13 23:52:23,228(YYYY-MM-ddHH:MM:ss.SSS][main]step_definitions.common_step_definition1)-Launch Browser
['INFO ]2023-09-13 23:52:23,234(YYYY-MM-ddHH:MM:ss.SSS][main]page_objects.StudentModule1)-Logged on to LMS portl
['INFO ]2023-09-13 23:52:28,379(YYYY-MM-ddHH:MM:ss.SSS][main]step_definitions.common_step_definition1)-Instantiation the commonutils
['INFO ]2023-09-13 23:52:28,379(YYYY-MM-ddHH:MM:ss.SSS][main]step_definitions.common_step_definition1)-Launch Browser
['INFO ]2023-09-13 23:52:28,382(YYYY-MM-ddHH:MM:ss.SSS][main]page_objects.StudentModule1)-Logged on to LMS portl
['INFO ]2023-09-13 23:52:33,603(YYYY-MM-ddHH:MM:ss.SSS][main]step_definitions.common_step_definition1)-Instantiation the commonutils
['INFO ]2023-09-13 23:52:33,603(YYYY-MM-ddHH:MM:ss.SSS][main]step_definitions.common_step_definition1)-Launch Browser
['INFO ]2023-09-13 23:52:33,605(YYYY-MM-ddHH:MM:ss.SSS][main]page_objects.StudentModule1)-Logged on to LMS portl
['INFO ]2023-09-13 23:52:38,858(YYYY-MM-ddHH:MM:ss.SSS][main]step_definitions.common_step_definition1)-Instantiation the commonutils
['INFO ]2023-09-13 23:52:38,858(YYYY-MM-ddHH:MM:ss.SSS][main]step_definitions.common_step_definition1)-Launch Browser
['INFO ]2023-09-13 23:52:38,861(YYYY-MM-ddHH:MM:ss.SSS][main]page_objects.StudentModule1)-Logged on to LMS portl
['INFO ]2023-09-13 23:52:44,079(YYYY-MM-ddHH:MM:ss.SSS][main]step_definitions.common_step_definition1)-Instantiation the commonutils
['INFO ]2023-09-13 23:52:44,080(YYYY-MM-ddHH:MM:ss.SSS][main]step_definitions.common_step_definition1)-Launch Browser
['INFO ]2023-09-13 23:52:44,083(YYYY-MM-ddHH:MM:ss.SSS][main]page_objects.StudentModule1)-Logged on to LMS portl
['INFO ]2023-09-13 23:52:49,321(YYYY-MM-ddHH:MM:ss.SSS][main]step_definitions.common_step_definition1)-Instantiation the commonutils
['INFO ]2023-09-13 23:52:49,322(YYYY-MM-ddHH:MM:ss.SSS][main]step_definitions.common_step_definition1)-Launch Browser
['INFO ]2023-09-13 23:52:49,326(YYYY-MM-ddHH:MM:ss.SSS][main]page_objects.StudentModule1)-Logged on to LMS portl
['INFO ]2023-09-13 23:52:54,539(YYYY-MM-ddHH:MM:ss.SSS][main]step_definitions.common_step_definition1)-Instantiation the commonutils
['INFO ]2023-09-13 23:52:54,540(YYYY-MM-ddHH:MM:ss.SSS][main]step_definitions.common_step_definition1)-Launch Browser
['INFO ]2023-09-13 23:52:54,542(YYYY-MM-ddHH:MM:ss.SSS][main]page_objects.StudentModule1)-Logged on to LMS portl
['INFO ]2023-09-13 23:53:00,049(YYYY-MM-ddHH:MM:ss.SSS][main]step_definitions.common_step_definition1)-Instantiation the commonutils
['INFO ]2023-09-13 23:53:00,050(YYYY-MM-ddHH:MM:ss.SSS][main]step_definitions.common_step_definition1)-Launch Browser
['INFO ]2023-09-13 23:53:00,053(YYYY-MM-ddHH:MM:ss.SSS][main]page_objects.StudentModule1)-Logged on to LMS portl
['INFO ]2023-09-13 23:53:05,540(YYYY-MM-ddHH:MM:ss.SSS][main]step_definitions.common_step_definition1)-Instantiation the commonutils
['INFO ]2023-09-13 23:53:05,540(YYYY-MM-ddHH:MM:ss.SSS][main]step_definitions.common_step_definition1)-Launch Browser
['INFO ]2023-09-13 23:53:05,542(YYYY-MM-ddHH:MM:ss.SSS][main]page_objects.StudentModule1)-Logged on to LMS portl
['INFO ]2023-09-13 23:53:10,744(YYYY-MM-ddHH:MM:ss.SSS][main]step_definitions.common_step_definition1)-Instantiation the commonutils
['INFO ]2023-09-13 23:53:10,744(YYYY-MM-ddHH:MM:ss.SSS][main]step_definitions.common_step_definition1)-Launch Browser
['INFO ]2023-09-13 23:53:10,747(YYYY-MM-ddHH:MM:ss.SSS][main]page_objects.StudentModule1)-Logged on to LMS portl
['INFO ]2023-09-13 23:53:16,012(YYYY-MM-ddHH:MM:ss.SSS][main]step_definitions.common_step_definition1)-Instantiation the commonutils
['INFO ]2023-09-13 23:53:16,013(YYYY-MM-ddHH:MM:ss.SSS][main]step_definitions.common_step_definition1)-Launch Browser
['INFO ]2023-09-13 23:53:16,015(YYYY-MM-ddHH:MM:ss.SSS][main]page_objects.StudentModule1)-Logged on to LMS portl
['INFO ]2023-09-13 23:53:21,309(YYYY-MM-ddHH:MM:ss.SSS][main]step_definitions.common_step_definition1)-Instantiation the commonutils
['INFO ]2023-09-13 23:53:21,309(YYYY-MM-ddHH:MM:ss.SSS][main]step_definitions.common_step_definition1)-Launch Browser
['INFO ]2023-09-13 23:53:21,311(YYYY-MM-ddHH:MM:ss.SSS][main]page_objects.StudentModule1)-Logged on to LMS portl
['INFO ]2023-09-13 23:53:26,460(YYYY-MM-ddHH:MM:ss.SSS][main]step_definitions.common_step_definition1)-Instantiation the commonutils
['INFO ]2023-09-13 23:53:26,460(YYYY-MM-ddHH:MM:ss.SSS][main]step_definitions.common_step_definition1)-Launch Browser
['INFO ]2023-09-13 23:53:26,462(YYYY-MM-ddHH:MM:ss.SSS][main]page_objects.StudentModule1)-Logged on to LMS portl
['INFO ]2023-09-13 23:53:31,569(YYYY-MM-ddHH:MM:ss.SSS][main]step_definitions.common_step_definition1)-Instantiation the commonutils
['INFO ]2023-09-13 23:53:31,569(YYYY-MM-ddHH:MM:ss.SSS][main]step_definitions.common_step_definition1)-Launch Browser
['INFO ]2023-09-13 23:53:31,571(YYYY-MM-ddHH:MM:ss.SSS][main]page_objects.StudentModule1)-Logged on to LMS portl
['INFO ]2023-09-13 23:53:36,737(YYYY-MM-ddHH:MM:ss.SSS][main]step_definitions.common_step_definition1)-Instantiation the commonutils
['INFO ]2023-09-13 23:53:36,738(YYYY-MM-ddHH:MM:ss.SSS][main]step_definitions.common_step_definition1)-Launch Browser
['INFO ]2023-09-13 23:53:36,742(YYYY-MM-ddHH:MM:ss.SSS][main]page_objects.StudentModule1)-Logged on to LMS portl
['INFO ]2023-09-13 23:53:41,908(YYYY-MM-ddHH:MM:ss.SSS][main]step_definitions.common_step_definition1)-Instantiation the commonutils
['INFO ]2023-09-13 23:53:41,909(YYYY-MM-ddHH:MM:ss.SSS][main]step_definitions.common_step_definition1)-Launch Browser
['INFO ]2023-09-13 23:53:41,912(YYYY-MM-ddHH:MM:ss.SSS][main]page_objects.StudentModule1)-Logged on to LMS portl
['INFO ]2023-09-13 23:53:47,063(YYYY-MM-ddHH:MM:ss.SSS][main]step_definitions.common_step_definition1)-Instantiation the commonutils
['INFO ]2023-09-13 23:53:47,063(YYYY-MM-ddHH:MM:ss.SSS][main]step_definitions.common_step_definition1)-Launch Browser
['INFO ]2023-09-13 23:53:47,066(YYYY-MM-ddHH:MM:ss.SSS][main]page_objects.StudentModule1)-Logged on to LMS portl
['INFO ]2023-09-13 23:53:52,181(YYYY-MM-ddHH:MM:ss.SSS][main]step_definitions.common_step_definition1)-Instantiation the commonutils
['INFO ]2023-09-13 23:53:52,183(YYYY-MM-ddHH:MM:ss.SSS][main]step_definitions.common_step_definition1)-Launch Browser
['INFO ]2023-09-13 23:53:52,187(YYYY-MM-ddHH:MM:ss.SSS][main]page_objects.StudentModule1)-Logged on to LMS portl
['INFO ]2023-09-13 23:53:52,203(YYYY-MM-ddHH:MM:ss.SSS][main]step_definitions.common_step_definition1)-Instantiation the commonutils
['INFO ]2023-09-13 23:53:52,203(YYYY-MM-ddHH:MM:ss.SSS][main]step_definitions.common_step_definition1)-Launch Browser
['INFO ]2023-09-13 23:53:52,205(YYYY-MM-ddHH:MM:ss.SSS][main]page_objects.StudentModule1)-Logged on to LMS portl
['INFO ]2023-09-13 23:53:52,219(YYYY-MM-ddHH:MM:ss.SSS][main]step_definitions.common_step_definition1)-Instantiation the commonutils
['INFO ]2023-09-13 23:53:52,220(YYYY-MM-ddHH:MM:ss.SSS][main]step_definitions.common_step_definition1)-Launch Browser
['INFO ]2023-09-13 23:53:52,222(YYYY-MM-ddHH:MM:ss.SSS][main]page_objects.StudentModule1)-Logged on to LMS portl
['INFO ]2023-09-13 23:53:52,240(YYYY-MM-ddHH:MM:ss.SSS][main]step_definitions.common_step_definition1)-Instantiation the commonutils
['INFO ]2023-09-13 23:53:52,240(YYYY-MM-ddHH:MM:ss.SSS][main]step_definitions.common_step_definition1)-Launch Browser
['INFO ]2023-09-13 23:53:52,243(YYYY-MM-ddHH:MM:ss.SSS][main]page_objects.StudentModule1)-Logged on to LMS portl
['INFO ]2023-09-13 23:53:52,258(YYYY-MM-ddHH:MM:ss.SSS][main]step_definitions.common_step_definition1)-Instantiation the commonutils
['INFO ]2023-09-13 23:53:52,258(YYYY-MM-ddHH:MM:ss.SSS][main]step_definitions.common_step_definition1)-Launch Browser
['INFO ]2023-09-13 23:53:52,260(YYYY-MM-ddHH:MM:ss.SSS][main]page_objects.StudentModule1)-Logged on to LMS portl
['INFO ]2023-09-13 23:53:52,276(YYYY-MM-ddHH:MM:ss.SSS][main]step_definitions.common_step_definition1)-Instantiation the commonutils
['INFO ]2023-09-13 23:53:52,276(YYYY-MM-ddHH:MM:ss.SSS][main]step_definitions.common_step_definition1)-Launch Browser
['INFO ]2023-09-13 23:53:52,277(YYYY-MM-ddHH:MM:ss.SSS][main]page_objects.StudentModule1)-Logged on to LMS portl
['INFO ]2023-09-13 23:53:52,300(YYYY-MM-ddHH:MM:ss.SSS][main]step_definitions.common_step_definition1)-Instantiation the commonutils
['INFO ]2023-09-13 23:53:52,300(YYYY-MM-ddHH:MM:ss.SSS][main]step_definitions.common_step_definition1)-Launch Browser
['INFO ]2023-09-13 23:53:52,302(YYYY-MM-ddHH:MM:ss.SSS][main]page_objects.StudentModule1)-Logged on to LMS portl
['INFO ]2023-09-13 23:53:52,318(YYYY-MM-ddHH:MM:ss.SSS][main]step_definitions.common_step_definition1)-Instantiation the commonutils
['INFO ]2023-09-13 23:53:52,319(YYYY-MM-ddHH:MM:ss.SSS][main]step_definitions.common_step_definition1)-Launch Browser
['INFO ]2023-09-13 23:53:52,320(YYYY-MM-ddHH:MM:ss.SSS][main]page_objects.StudentModule1)-Logged on to LMS portl
['INFO ]2023-09-13 23:53:52,338(YYYY-MM-ddHH:MM:ss.SSS][main]step_definitions.common_step_definition1)-Instantiation the commonutils
['INFO ]2023-09-13 23:53:52,339(YYYY-MM-ddHH:MM:ss.SSS][main]step_definitions.common_step_definition1)-Launch Browser
['INFO ]2023-09-13 23:53:52,341(YYYY-MM-ddHH:MM:ss.SSS][main]page_objects.StudentModule1)-Logged on to LMS portl
['INFO ]2023-09-13 23:53:52,355(YYYY-MM-ddHH:MM:ss.SSS][main]step_definitions.common_step_definition1)-Instantiation the commonutils
['INFO ]2023-09-13 23:53:52,355(YYYY-MM-ddHH:MM:ss.SSS][main]step_definitions.common_step_definition1)-Launch Browser
['INFO ]2023-09-13 23:53:52,357(YYYY-MM-ddHH:MM:ss.SSS][main]page_objects.StudentModule1)-Logged on to LMS portl
['INFO ]2023-09-13 23:53:52,379(YYYY-MM-ddHH:MM:ss.SSS][main]step_definitions.common_step_definition1)-Instantiation the commonutils
['INFO ]2023-09-13 23:53:52,379(YYYY-MM-ddHH:MM:ss.SSS][main]step_definitions.common_step_definition1)-Launch Browser
['INFO ]2023-09-13 23:53:52,381(YYYY-MM-ddHH:MM:ss.SSS][main]page_objects.StudentModule1)-Logged on to LMS portl
['INFO ]2023-09-13 23:53:52,399(YYYY-MM-ddHH:MM:ss.SSS][main]step_definitions.common_step_definition1)-Instantiation the commonutils
['INFO ]2023-09-13 23:53:52,400(YYYY-MM-ddHH:MM:ss.SSS][main]step_definitions.common_step_definition1)-Launch Browser
['INFO ]2023-09-13 23:53:52,404(YYYY-MM-ddHH:MM:ss.SSS][main]page_objects.StudentModule1)-Logged on to LMS portl
['INFO ]2023-09-13 23:53:52,418(YYYY-MM-ddHH:MM:ss.SSS][main]step_definitions.common_step_definition1)-Instantiation the commonutils
['INFO ]2023-09-13 23:53:52,418(YYYY-MM-ddHH:MM:ss.SSS][main]step_definitions.common_step_definition1)-Launch Browser
['INFO ]2023-09-13 23:53:52,420(YYYY-MM-ddHH:MM:ss.SSS][main]page_objects.StudentModule1)-Logged on to LMS portl
['INFO ]2023-09-13 23:53:52,435(YYYY-MM-ddHH:MM:ss.SSS][main]step_definitions.common_step_definition1)-Instantiation the commonutils
['INFO ]2023-09-13 23:53:52,436(YYYY-MM-ddHH:MM:ss.SSS][main]step_definitions.common_step_definition1)-Launch Browser
['INFO ]2023-09-13 23:53:52,439(YYYY-MM-ddHH:MM:ss.SSS][main]page_objects.StudentModule1)-Logged on to LMS portl
['INFO ]2023-09-13 23:53:52,459(YYYY-MM-ddHH:MM:ss.SSS][main]step_definitions.common_step_definition1)-Instantiation the commonutils
['INFO ]2023-09-13 23:53:52,459(YYYY-MM-ddHH:MM:ss.SSS][main]step_definitions.common_step_definition1)-Launch Browser
['INFO ]2023-09-13 23:53:52,462(YYYY-MM-ddHH:MM:ss.SSS][main]page_objects.StudentModule1)-Logged on to LMS portl
['INFO ]2023-09-13 23:53:52,481(YYYY-MM-ddHH:MM:ss.SSS][main]step_definitions.common_step_definition1)-Instantiation the commonutils
['INFO ]2023-09-13 23:53:52,481(YYYY-MM-ddHH:MM:ss.SSS][main]step_definitions.common_step_definition1)-Launch Browser
['INFO ]2023-09-13 23:53:52,487(YYYY-MM-ddHH:MM:ss.SSS][main]page_objects.StudentModule1)-Logged on to LMS portl
['INFO ]2023-09-13 23:53:52,501(YYYY-MM-ddHH:MM:ss.SSS][main]step_definitions.common_step_definition1)-Instantiation the commonutils
['INFO ]2023-09-13 23:53:52,502(YYYY-MM-ddHH:MM:ss.SSS][main]step_definitions.common_step_definition1)-Launch Browser
['INFO ]2023-09-13 23:53:52,504(YYYY-MM-ddHH:MM:ss.SSS][main]page_objects.StudentModule1)-Logged on to LMS portl
['INFO ]2023-09-13 23:53:52,528(YYYY-MM-ddHH:MM:ss.SSS][main]step_definitions.common_step_definition1)-Instantiation the commonutils
['INFO ]2023-09-13 23:53:52,529(YYYY-MM-ddHH:MM:ss.SSS][main]step_definitions.common_step_definition1)-Launch Browser
['INFO ]2023-09-13 23:53:52,532(YYYY-MM-ddHH:MM:ss.SSS][main]page_objects.StudentModule1)-Logged on to LMS portl
['INFO ]2023-09-13 23:53:52,549(YYYY-MM-ddHH:MM:ss.SSS][main]step_definitions.common_step_definition1)-Instantiation the commonutils
['INFO ]2023-09-13 23:53:52,550(YYYY-MM-ddHH:MM:ss.SSS][main]step_definitions.common_step_definition1)-Launch Browser
['INFO ]2023-09-13 23:53:52,552(YYYY-MM-ddHH:MM:ss.SSS][main]page_objects.StudentModule1)-Logged on to LMS portl
['INFO ]2023-09-13 23:53:52,575(YYYY-MM-ddHH:MM:ss.SSS][main]step_definitions.common_step_definition1)-Instantiation the commonutils
['INFO ]2023-09-13 23:53:52,576(YYYY-MM-ddHH:MM:ss.SSS][main]step_definitions.common_step_definition1)-Launch Browser
['INFO ]2023-09-13 23:53:52,578(YYYY-MM-ddHH:MM:ss.SSS][main]page_objects.StudentModule1)-Logged on to LMS portl
['INFO ]2023-09-13 23:53:52,592(YYYY-MM-ddHH:MM:ss.SSS][main]step_definitions.common_step_definition1)-Instantiation the commonutils
['INFO ]2023-09-13 23:53:52,592(YYYY-MM-ddHH:MM:ss.SSS][main]step_definitions.common_step_definition1)-Launch Browser
['INFO ]2023-09-13 23:53:52,597(YYYY-MM-ddHH:MM:ss.SSS][main]page_objects.StudentModule1)-Logged on to LMS portl
['INFO ]2023-09-13 23:53:52,615(YYYY-MM-ddHH:MM:ss.SSS][main]step_definitions.common_step_definition1)-Instantiation the commonutils
['INFO ]2023-09-13 23:53:52,615(YYYY-MM-ddHH:MM:ss.SSS][main]step_definitions.common_step_definition1)-Launch Browser
['INFO ]2023-09-13 23:53:52,618(YYYY-MM-ddHH:MM:ss.SSS][main]page_objects.StudentModule1)-Logged on to LMS portl
['INFO ]2023-09-13 23:53:52,635(YYYY-MM-ddHH:MM:ss.SSS][main]step_definitions.common_step_definition1)-Instantiation the commonutils
['INFO ]2023-09-13 23:53:52,635(YYYY-MM-ddHH:MM:ss.SSS][main]step_definitions.common_step_definition1)-Launch Browser
['INFO ]2023-09-13 23:53:52,638(YYYY-MM-ddHH:MM:ss.SSS][main]page_objects.StudentModule1)-Logged on to LMS portl
['INFO ]2023-09-13 23:53:52,661(YYYY-MM-ddHH:MM:ss.SSS][main]step_definitions.common_step_definition1)-Instantiation the commonutils
['INFO ]2023-09-13 23:53:52,662(YYYY-MM-ddHH:MM:ss.SSS][main]step_definitions.common_step_definition1)-Launch Browser
['INFO ]2023-09-13 23:53:52,665(YYYY-MM-ddHH:MM:ss.SSS][main]page_objects.StudentModule1)-Logged on to LMS portl
['INFO ]2023-09-13 23:53:52,691(YYYY-MM-ddHH:MM:ss.SSS][main]step_definitions.common_step_definition1)-Instantiation the commonutils
['INFO ]2023-09-13 23:53:52,692(YYYY-MM-ddHH:MM:ss.SSS][main]step_definitions.common_step_definition1)-Launch Browser
['INFO ]2023-09-13 23:53:57,755(YYYY-MM-ddHH:MM:ss.SSS][main]step_definitions.common_step_definition1)-Instantiation the commonutils
['INFO ]2023-09-13 23:53:57,756(YYYY-MM-ddHH:MM:ss.SSS][main]step_definitions.common_step_definition1)-Launch Browser
['INFO ]2023-09-13 23:54:02,810(YYYY-MM-ddHH:MM:ss.SSS][main]step_definitions.common_step_definition1)-Instantiation the commonutils
['INFO ]2023-09-13 23:54:02,811(YYYY-MM-ddHH:MM:ss.SSS][main]step_definitions.common_step_definition1)-Launch Browser
['INFO ]2023-09-13 23:54:07,916(YYYY-MM-ddHH:MM:ss.SSS][main]step_definitions.common_step_definition1)-Instantiation the commonutils
['INFO ]2023-09-13 23:54:07,917(YYYY-MM-ddHH:MM:ss.SSS][main]step_definitions.common_step_definition1)-Launch Browser
['INFO ]2023-09-13 23:54:07,934(YYYY-MM-ddHH:MM:ss.SSS][main]step_definitions.common_step_definition1)-Instantiation the commonutils
['INFO ]2023-09-13 23:54:07,934(YYYY-MM-ddHH:MM:ss.SSS][main]step_definitions.common_step_definition1)-Launch Browser
['INFO ]2023-09-13 23:54:12,973(YYYY-MM-ddHH:MM:ss.SSS][main]step_definitions.common_step_definition1)-Instantiation the commonutils
['INFO ]2023-09-13 23:54:12,973(YYYY-MM-ddHH:MM:ss.SSS][main]step_definitions.common_step_definition1)-Launch Browser
['INFO ]2023-09-13 23:54:18,004(YYYY-MM-ddHH:MM:ss.SSS][main]step_definitions.common_step_definition1)-Instantiation the commonutils
['INFO ]2023-09-13 23:54:18,005(YYYY-MM-ddHH:MM:ss.SSS][main]step_definitions.common_step_definition1)-Launch Browser
['INFO ]2023-09-13 23:54:23,029(YYYY-MM-ddHH:MM:ss.SSS][main]step_definitions.common_step_definition1)-Instantiation the commonutils
['INFO ]2023-09-13 23:54:23,029(YYYY-MM-ddHH:MM:ss.SSS][main]step_definitions.common_step_definition1)-Launch Browser
['INFO ]2023-09-13 23:54:28,057(YYYY-MM-ddHH:MM:ss.SSS][main]step_definitions.common_step_definition1)-Instantiation the commonutils
['INFO ]2023-09-13 23:54:28,058(YYYY-MM-ddHH:MM:ss.SSS][main]step_definitions.common_step_definition1)-Launch Browser
['INFO ]2023-09-13 23:54:33,144(YYYY-MM-ddHH:MM:ss.SSS][main]step_definitions.common_step_definition1)-Instantiation the commonutils
['INFO ]2023-09-13 23:54:33,145(YYYY-MM-ddHH:MM:ss.SSS][main]step_definitions.common_step_definition1)-Launch Browser
['INFO ]2023-09-13 23:54:38,182(YYYY-MM-ddHH:MM:ss.SSS][main]step_definitions.common_step_definition1)-Instantiation the commonutils
['INFO ]2023-09-13 23:54:38,182(YYYY-MM-ddHH:MM:ss.SSS][main]step_definitions.common_step_definition1)-Launch Browser
['INFO ]2023-09-13 23:54:43,250(YYYY-MM-ddHH:MM:ss.SSS][main]step_definitions.common_step_definition1)-Instantiation the commonutils
['INFO ]2023-09-13 23:54:43,251(YYYY-MM-ddHH:MM:ss.SSS][main]step_definitions.common_step_definition1)-Launch Browser
['INFO ]2023-09-13 23:54:48,328(YYYY-MM-ddHH:MM:ss.SSS][main]step_definitions.common_step_definition1)-Instantiation the commonutils
['INFO ]2023-09-13 23:54:48,328(YYYY-MM-ddHH:MM:ss.SSS][main]step_definitions.common_step_definition1)-Launch Browser
['INFO ]2023-09-13 23:54:53,348(YYYY-MM-ddHH:MM:ss.SSS][main]step_definitions.common_step_definition1)-Instantiation the commonutils
['INFO ]2023-09-13 23:54:53,349(YYYY-MM-ddHH:MM:ss.SSS][main]step_definitions.common_step_definition1)-Launch Browser
['INFO ]2023-09-13 23:54:58,395(YYYY-MM-ddHH:MM:ss.SSS][main]step_definitions.common_step_definition1)-Instantiation the commonutils
['INFO ]2023-09-13 23:54:58,395(YYYY-MM-ddHH:MM:ss.SSS][main]step_definitions.common_step_definition1)-Launch Browser
['INFO ]2023-09-13 23:55:03,415(YYYY-MM-ddHH:MM:ss.SSS][main]step_definitions.common_step_definition1)-Instantiation the commonutils
['INFO ]2023-09-13 23:55:03,415(YYYY-MM-ddHH:MM:ss.SSS][main]step_definitions.common_step_definition1)-Launch Browser
['INFO ]2023-09-13 23:55:08,497(YYYY-MM-ddHH:MM:ss.SSS][main]step_definitions.common_step_definition1)-Instantiation the commonutils
['INFO ]2023-09-13 23:55:08,498(YYYY-MM-ddHH:MM:ss.SSS][main]step_definitions.common_step_definition1)-Launch Browser
['INFO ]2023-09-13 23:55:13,577(YYYY-MM-ddHH:MM:ss.SSS][main]step_definitions.common_step_definition1)-Instantiation the commonutils
['INFO ]2023-09-13 23:55:13,578(YYYY-MM-ddHH:MM:ss.SSS][main]step_definitions.common_step_definition1)-Launch Browser
['INFO ]2023-09-13 23:55:18,655(YYYY-MM-ddHH:MM:ss.SSS][main]step_definitions.common_step_definition1)-Instantiation the commonutils
['INFO ]2023-09-13 23:55:18,656(YYYY-MM-ddHH:MM:ss.SSS][main]step_definitions.common_step_definition1)-Launch Browser
['INFO ]2023-09-13 23:55:23,725(YYYY-MM-ddHH:MM:ss.SSS][main]step_definitions.common_step_definition1)-Instantiation the commonutils
['INFO ]2023-09-13 23:55:23,725(YYYY-MM-ddHH:MM:ss.SSS][main]step_definitions.common_step_definition1)-Launch Browser
['INFO ]2023-09-13 23:55:28,772(YYYY-MM-ddHH:MM:ss.SSS][main]step_definitions.common_step_definition1)-Instantiation the commonutils
['INFO ]2023-09-13 23:55:28,772(YYYY-MM-ddHH:MM:ss.SSS][main]step_definitions.common_step_definition1)-Launch Browser
['INFO ]2023-09-13 23:55:33,809(YYYY-MM-ddHH:MM:ss.SSS][main]step_definitions.common_step_definition1)-Instantiation the commonutils
['INFO ]2023-09-13 23:55:33,809(YYYY-MM-ddHH:MM:ss.SSS][main]step_definitions.common_step_definition1)-Launch Browser
['INFO ]2023-09-13 23:55:38,845(YYYY-MM-ddHH:MM:ss.SSS][main]step_definitions.common_step_definition1)-Instantiation the commonutils
['INFO ]2023-09-13 23:55:38,847(YYYY-MM-ddHH:MM:ss.SSS][main]step_definitions.common_step_definition1)-Launch Browser
['INFO ]2023-09-13 23:55:43,911(YYYY-MM-ddHH:MM:ss.SSS][main]step_definitions.common_step_definition1)-Instantiation the commonutils
['INFO ]2023-09-13 23:55:43,911(YYYY-MM-ddHH:MM:ss.SSS][main]step_definitions.common_step_definition1)-Launch Browser
['INFO ]2023-09-13 23:55:48,985(YYYY-MM-ddHH:MM:ss.SSS][main]step_definitions.common_step_definition1)-Instantiation the commonutils
['INFO ]2023-09-13 23:55:48,985(YYYY-MM-ddHH:MM:ss.SSS][main]step_definitions.common_step_definition1)-Launch Browser
['INFO ]2023-09-13 23:55:54,067(YYYY-MM-ddHH:MM:ss.SSS][main]step_definitions.common_step_definition1)-Instantiation the commonutils
['INFO ]2023-09-13 23:55:54,067(YYYY-MM-ddHH:MM:ss.SSS][main]step_definitions.common_step_definition1)-Launch Browser
['INFO ]2023-09-13 23:55:59,103(YYYY-MM-ddHH:MM:ss.SSS][main]step_definitions.common_step_definition1)-Instantiation the commonutils
['INFO ]2023-09-13 23:55:59,103(YYYY-MM-ddHH:MM:ss.SSS][main]step_definitions.common_step_definition1)-Launch Browser
['INFO ]2023-09-13 23:56:04,153(YYYY-MM-ddHH:MM:ss.SSS][main]step_definitions.common_step_definition1)-Instantiation the commonutils
['INFO ]2023-09-13 23:56:04,154(YYYY-MM-ddHH:MM:ss.SSS][main]step_definitions.common_step_definition1)-Launch Browser
['INFO ]2023-09-13 23:56:04,224(YYYY-MM-ddHH:MM:ss.SSS][main]step_definitions.common_step_definition1)-Instantiation the commonutils
['INFO ]2023-09-13 23:56:04,224(YYYY-MM-ddHH:MM:ss.SSS][main]step_definitions.common_step_definition1)-Launch Browser
['INFO ]2023-09-13 23:56:04,258(YYYY-MM-ddHH:MM:ss.SSS][main]step_definitions.common_step_definition1)-Instantiation the commonutils
['INFO ]2023-09-13 23:56:04,258(YYYY-MM-ddHH:MM:ss.SSS][main]step_definitions.common_step_definition1)-Launch Browser
['INFO ]2023-09-13 23:56:04,295(YYYY-MM-ddHH:MM:ss.SSS][main]step_definitions.common_step_definition1)-Instantiation the commonutils
['INFO ]2023-09-13 23:56:04,295(YYYY-MM-ddHH:MM:ss.SSS][main]step_definitions.common_step_definition1)-Launch Browser
['INFO ]2023-09-13 23:56:04,329(YYYY-MM-ddHH:MM:ss.SSS][main]step_definitions.common_step_definition1)-Instantiation the commonutils
['INFO ]2023-09-13 23:56:04,330(YYYY-MM-ddHH:MM:ss.SSS][main]step_definitions.common_step_definition1)-Launch Browser
['INFO ]2023-09-13 23:56:04,371(YYYY-MM-ddHH:MM:ss.SSS][main]step_definitions.common_step_definition1)-Instantiation the commonutils
['INFO ]2023-09-13 23:56:04,372(YYYY-MM-ddHH:MM:ss.SSS][main]step_definitions.common_step_definition1)-Launch Browser
['INFO ]2023-09-13 23:56:04,412(YYYY-MM-ddHH:MM:ss.SSS][main]step_definitions.common_step_definition1)-Instantiation the commonutils
['INFO ]2023-09-13 23:56:04,413(YYYY-MM-ddHH:MM:ss.SSS][main]step_definitions.common_step_definition1)-Launch Browser
['INFO ]2023-09-13 23:56:04,447(YYYY-MM-ddHH:MM:ss.SSS][main]step_definitions.common_step_definition1)-Instantiation the commonutils
['INFO ]2023-09-13 23:56:04,448(YYYY-MM-ddHH:MM:ss.SSS][main]step_definitions.common_step_definition1)-Launch Browser
['INFO ]2023-09-13 23:56:04,481(YYYY-MM-ddHH:MM:ss.SSS][main]step_definitions.common_step_definition1)-Instantiation the commonutils
['INFO ]2023-09-13 23:56:04,482(YYYY-MM-ddHH:MM:ss.SSS][main]step_definitions.common_step_definition1)-Launch Browser
['INFO ]2023-09-13 23:56:04,510(YYYY-MM-ddHH:MM:ss.SSS][main]step_definitions.common_step_definition1)-Instantiation the commonutils
['INFO ]2023-09-13 23:56:04,510(YYYY-MM-ddHH:MM:ss.SSS][main]step_definitions.common_step_definition1)-Launch Browser
['INFO ]2023-09-13 23:56:04,551(YYYY-MM-ddHH:MM:ss.SSS][main]step_definitions.common_step_definition1)-Instantiation the commonutils
['INFO ]2023-09-13 23:56:04,551(YYYY-MM-ddHH:MM:ss.SSS][main]step_definitions.common_step_definition1)-Launch Browser
['INFO ]2023-09-13 23:56:04,585(YYYY-MM-ddHH:MM:ss.SSS][main]step_definitions.common_step_definition1)-Instantiation the commonutils
['INFO ]2023-09-13 23:56:04,585(YYYY-MM-ddHH:MM:ss.SSS][main]step_definitions.common_step_definition1)-Launch Browser
['INFO ]2023-09-13 23:56:04,614(YYYY-MM-ddHH:MM:ss.SSS][main]step_definitions.common_step_definition1)-Instantiation the commonutils
['INFO ]2023-09-13 23:56:04,615(YYYY-MM-ddHH:MM:ss.SSS][main]step_definitions.common_step_definition1)-Launch Browser
['INFO ]2023-09-13 23:56:04,639(YYYY-MM-ddHH:MM:ss.SSS][main]step_definitions.common_step_definition1)-Instantiation the commonutils
['INFO ]2023-09-13 23:56:04,640(YYYY-MM-ddHH:MM:ss.SSS][main]step_definitions.common_step_definition1)-Launch Browser
['INFO ]2023-09-13 23:56:04,669(YYYY-MM-ddHH:MM:ss.SSS][main]step_definitions.common_step_definition1)-Instantiation the commonutils
['INFO ]2023-09-13 23:56:04,669(YYYY-MM-ddHH:MM:ss.SSS][main]step_definitions.common_step_definition1)-Launch Browser
['INFO ]2023-09-13 23:56:04,703(YYYY-MM-ddHH:MM:ss.SSS][main]step_definitions.common_step_definition1)-Instantiation the commonutils
['INFO ]2023-09-13 23:56:04,703(YYYY-MM-ddHH:MM:ss.SSS][main]step_definitions.common_step_definition1)-Launch Browser
['INFO ]2023-09-13 23:56:04,737(YYYY-MM-ddHH:MM:ss.SSS][main]step_definitions.common_step_definition1)-Instantiation the commonutils
['INFO ]2023-09-13 23:56:04,738(YYYY-MM-ddHH:MM:ss.SSS][main]step_definitions.common_step_definition1)-Launch Browser
['INFO ]2023-09-13 23:56:04,771(YYYY-MM-ddHH:MM:ss.SSS][main]step_definitions.common_step_definition1)-Instantiation the commonutils
['INFO ]2023-09-13 23:56:04,772(YYYY-MM-ddHH:MM:ss.SSS][main]step_definitions.common_step_definition1)-Launch Browser
['INFO ]2023-09-13 23:56:04,817(YYYY-MM-ddHH:MM:ss.SSS][main]step_definitions.common_step_definition1)-Instantiation the commonutils
['INFO ]2023-09-13 23:56:04,818(YYYY-MM-ddHH:MM:ss.SSS][main]step_definitions.common_step_definition1)-Launch Browser
['INFO ]2023-09-13 23:56:09,844(YYYY-MM-ddHH:MM:ss.SSS][main]step_definitions.common_step_definition1)-Instantiation the commonutils
['INFO ]2023-09-13 23:56:09,844(YYYY-MM-ddHH:MM:ss.SSS][main]step_definitions.common_step_definition1)-Launch Browser
['INFO ]2023-09-13 23:56:14,926(YYYY-MM-ddHH:MM:ss.SSS][main]step_definitions.common_step_definition1)-Instantiation the commonutils
['INFO ]2023-09-13 23:56:14,927(YYYY-MM-ddHH:MM:ss.SSS][main]step_definitions.common_step_definition1)-Launch Browser
['INFO ]2023-09-13 23:56:19,953(YYYY-MM-ddHH:MM:ss.SSS][main]step_definitions.common_step_definition1)-Instantiation the commonutils
['INFO ]2023-09-13 23:56:19,953(YYYY-MM-ddHH:MM:ss.SSS][main]step_definitions.common_step_definition1)-Launch Browser
['INFO ]2023-09-13 23:56:24,987(YYYY-MM-ddHH:MM:ss.SSS][main]step_definitions.common_step_definition1)-Instantiation the commonutils
['INFO ]2023-09-13 23:56:24,987(YYYY-MM-ddHH:MM:ss.SSS][main]step_definitions.common_step_definition1)-Launch Browser
['INFO ]2023-09-13 23:56:30,034(YYYY-MM-ddHH:MM:ss.SSS][main]step_definitions.common_step_definition1)-Instantiation the commonutils
['INFO ]2023-09-13 23:56:30,035(YYYY-MM-ddHH:MM:ss.SSS][main]step_definitions.common_step_definition1)-Launch Browser
['INFO ]2023-09-13 23:56:35,111(YYYY-MM-ddHH:MM:ss.SSS][main]step_definitions.common_step_definition1)-Instantiation the commonutils
['INFO ]2023-09-13 23:56:35,111(YYYY-MM-ddHH:MM:ss.SSS][main]step_definitions.common_step_definition1)-Launch Browser
['INFO ]2023-09-13 23:56:40,131(YYYY-MM-ddHH:MM:ss.SSS][main]step_definitions.common_step_definition1)-Instantiation the commonutils
['INFO ]2023-09-13 23:56:40,131(YYYY-MM-ddHH:MM:ss.SSS][main]step_definitions.common_step_definition1)-Launch Browser
['INFO ]2023-09-13 23:56:45,168(YYYY-MM-ddHH:MM:ss.SSS][main]step_definitions.common_step_definition1)-Instantiation the commonutils
['INFO ]2023-09-13 23:56:45,169(YYYY-MM-ddHH:MM:ss.SSS][main]step_definitions.common_step_definition1)-Launch Browser
['INFO ]2023-09-13 23:56:50,233(YYYY-MM-ddHH:MM:ss.SSS][main]step_definitions.common_step_definition1)-Instantiation the commonutils
['INFO ]2023-09-13 23:56:50,233(YYYY-MM-ddHH:MM:ss.SSS][main]step_definitions.common_step_definition1)-Launch Browser
['INFO ]2023-09-13 23:56:55,285(YYYY-MM-ddHH:MM:ss.SSS][main]step_definitions.common_step_definition1)-Instantiation the commonutils
['INFO ]2023-09-13 23:56:55,285(YYYY-MM-ddHH:MM:ss.SSS][main]step_definitions.common_step_definition1)-Launch Browser
['INFO ]2023-09-13 23:57:00,340(YYYY-MM-ddHH:MM:ss.SSS][main]step_definitions.common_step_definition1)-Instantiation the commonutils
['INFO ]2023-09-13 23:57:00,341(YYYY-MM-ddHH:MM:ss.SSS][main]step_definitions.common_step_definition1)-Launch Browser
['INFO ]2023-09-13 23:57:00,376(YYYY-MM-ddHH:MM:ss.SSS][main]step_definitions.common_step_definition1)-Instantiation the commonutils
['INFO ]2023-09-13 23:57:00,377(YYYY-MM-ddHH:MM:ss.SSS][main]step_definitions.common_step_definition1)-Launch Browser
['INFO ]2023-09-13 23:57:00,407(YYYY-MM-ddHH:MM:ss.SSS][main]step_definitions.common_step_definition1)-Instantiation the commonutils
['INFO ]2023-09-13 23:57:00,407(YYYY-MM-ddHH:MM:ss.SSS][main]step_definitions.common_step_definition1)-Launch Browser
['INFO ]2023-09-13 23:57:00,439(YYYY-MM-ddHH:MM:ss.SSS][main]step_definitions.common_step_definition1)-Instantiation the commonutils
['INFO ]2023-09-13 23:57:00,440(YYYY-MM-ddHH:MM:ss.SSS][main]step_definitions.common_step_definition1)-Launch Browser
['INFO ]2023-09-13 23:57:00,472(YYYY-MM-ddHH:MM:ss.SSS][main]step_definitions.common_step_definition1)-Instantiation the commonutils
['INFO ]2023-09-13 23:57:00,473(YYYY-MM-ddHH:MM:ss.SSS][main]step_definitions.common_step_definition1)-Launch Browser
['INFO ]2023-09-13 23:57:00,502(YYYY-MM-ddHH:MM:ss.SSS][main]step_definitions.common_step_definition1)-Instantiation the commonutils
['INFO ]2023-09-13 23:57:00,502(YYYY-MM-ddHH:MM:ss.SSS][main]step_definitions.common_step_definition1)-Launch Browser
['INFO ]2023-09-13 23:57:00,534(YYYY-MM-ddHH:MM:ss.SSS][main]step_definitions.common_step_definition1)-Instantiation the commonutils
['INFO ]2023-09-13 23:57:00,535(YYYY-MM-ddHH:MM:ss.SSS][main]step_definitions.common_step_definition1)-Launch Browser
['INFO ]2023-09-13 23:57:00,558(YYYY-MM-ddHH:MM:ss.SSS][main]step_definitions.common_step_definition1)-Instantiation the commonutils
['INFO ]2023-09-13 23:57:00,559(YYYY-MM-ddHH:MM:ss.SSS][main]step_definitions.common_step_definition1)-Launch Browser
['INFO ]2023-09-13 23:57:00,591(YYYY-MM-ddHH:MM:ss.SSS][main]step_definitions.common_step_definition1)-Instantiation the commonutils
['INFO ]2023-09-13 23:57:00,591(YYYY-MM-ddHH:MM:ss.SSS][main]step_definitions.common_step_definition1)-Launch Browser
['INFO ]2023-09-13 23:57:00,627(YYYY-MM-ddHH:MM:ss.SSS][main]step_definitions.common_step_definition1)-Instantiation the commonutils
['INFO ]2023-09-13 23:57:00,627(YYYY-MM-ddHH:MM:ss.SSS][main]step_definitions.common_step_definition1)-Launch Browser
['INFO ]2023-09-13 23:57:00,660(YYYY-MM-ddHH:MM:ss.SSS][main]step_definitions.common_step_definition1)-Instantiation the commonutils
['INFO ]2023-09-13 23:57:00,660(YYYY-MM-ddHH:MM:ss.SSS][main]step_definitions.common_step_definition1)-Launch Browser
['INFO ]2023-09-13 23:57:00,692(YYYY-MM-ddHH:MM:ss.SSS][main]step_definitions.common_step_definition1)-Instantiation the commonutils
['INFO ]2023-09-13 23:57:00,692(YYYY-MM-ddHH:MM:ss.SSS][main]step_definitions.common_step_definition1)-Launch Browser
['INFO ]2023-09-13 23:57:05,722(YYYY-MM-ddHH:MM:ss.SSS][main]step_definitions.common_step_definition1)-Instantiation the commonutils
['INFO ]2023-09-13 23:57:05,723(YYYY-MM-ddHH:MM:ss.SSS][main]step_definitions.common_step_definition1)-Launch Browser
['INFO ]2023-09-13 23:57:15,811(YYYY-MM-ddHH:MM:ss.SSS][main]step_definitions.common_step_definition1)-Instantiation the commonutils
['INFO ]2023-09-13 23:57:15,812(YYYY-MM-ddHH:MM:ss.SSS][main]step_definitions.common_step_definition1)-Launch Browser
['INFO ]2023-09-13 23:57:25,890(YYYY-MM-ddHH:MM:ss.SSS][main]step_definitions.common_step_definition1)-Instantiation the commonutils
['INFO ]2023-09-13 23:57:25,891(YYYY-MM-ddHH:MM:ss.SSS][main]step_definitions.common_step_definition1)-Launch Browser
['INFO ]2023-09-13 23:57:26,478(YYYY-MM-ddHH:MM:ss.SSS][main]page_objects.StudentModule1)-Admin is on dashboard page : 
['INFO ]2023-09-13 23:57:31,544(YYYY-MM-ddHH:MM:ss.SSS][main]step_definitions.common_step_definition1)-Instantiation the commonutils
['INFO ]2023-09-13 23:57:31,544(YYYY-MM-ddHH:MM:ss.SSS][main]step_definitions.common_step_definition1)-Launch Browser
['INFO ]2023-09-13 23:57:31,726(YYYY-MM-ddHH:MM:ss.SSS][main]page_objects.StudentModule1)-Admin is on dashboard page : 
['INFO ]2023-09-13 23:57:36,761(YYYY-MM-ddHH:MM:ss.SSS][main]step_definitions.common_step_definition1)-Instantiation the commonutils
['INFO ]2023-09-13 23:57:36,761(YYYY-MM-ddHH:MM:ss.SSS][main]step_definitions.common_step_definition1)-Launch Browser
['INFO ]2023-09-13 23:57:36,934(YYYY-MM-ddHH:MM:ss.SSS][main]page_objects.StudentModule1)-Admin is on dashboard page : 
['INFO ]2023-09-13 23:57:42,006(YYYY-MM-ddHH:MM:ss.SSS][main]step_definitions.common_step_definition1)-Instantiation the commonutils
['INFO ]2023-09-13 23:57:42,007(YYYY-MM-ddHH:MM:ss.SSS][main]step_definitions.common_step_definition1)-Launch Browser
['INFO ]2023-09-13 23:57:42,183(YYYY-MM-ddHH:MM:ss.SSS][main]page_objects.StudentModule1)-Admin is on dashboard page : 
['INFO ]2023-09-13 23:57:47,224(YYYY-MM-ddHH:MM:ss.SSS][main]step_definitions.common_step_definition1)-Instantiation the commonutils
['INFO ]2023-09-13 23:57:47,225(YYYY-MM-ddHH:MM:ss.SSS][main]step_definitions.common_step_definition1)-Launch Browser
['INFO ]2023-09-13 23:57:47,390(YYYY-MM-ddHH:MM:ss.SSS][main]page_objects.StudentModule1)-Admin is on dashboard page : 
['INFO ]2023-09-13 23:57:52,472(YYYY-MM-ddHH:MM:ss.SSS][main]step_definitions.common_step_definition1)-Instantiation the commonutils
['INFO ]2023-09-13 23:57:52,472(YYYY-MM-ddHH:MM:ss.SSS][main]step_definitions.common_step_definition1)-Launch Browser
['INFO ]2023-09-13 23:57:52,661(YYYY-MM-ddHH:MM:ss.SSS][main]page_objects.StudentModule1)-Admin is on dashboard page : 
['INFO ]2023-09-13 23:57:57,710(YYYY-MM-ddHH:MM:ss.SSS][main]step_definitions.common_step_definition1)-Instantiation the commonutils
['INFO ]2023-09-13 23:57:57,711(YYYY-MM-ddHH:MM:ss.SSS][main]step_definitions.common_step_definition1)-Launch Browser
['INFO ]2023-09-13 23:57:57,885(YYYY-MM-ddHH:MM:ss.SSS][main]page_objects.StudentModule1)-Admin is on dashboard page : 
['INFO ]2023-09-13 23:58:02,956(YYYY-MM-ddHH:MM:ss.SSS][main]step_definitions.common_step_definition1)-Instantiation the commonutils
['INFO ]2023-09-13 23:58:02,956(YYYY-MM-ddHH:MM:ss.SSS][main]step_definitions.common_step_definition1)-Launch Browser
['INFO ]2023-09-13 23:58:03,131(YYYY-MM-ddHH:MM:ss.SSS][main]page_objects.StudentModule1)-Admin is on dashboard page : 
['INFO ]2023-09-13 23:58:08,158(YYYY-MM-ddHH:MM:ss.SSS][main]step_definitions.common_step_definition1)-Instantiation the commonutils
['INFO ]2023-09-13 23:58:08,158(YYYY-MM-ddHH:MM:ss.SSS][main]step_definitions.common_step_definition1)-Launch Browser
['INFO ]2023-09-13 23:58:08,330(YYYY-MM-ddHH:MM:ss.SSS][main]page_objects.StudentModule1)-Admin is on dashboard page : 
['INFO ]2023-09-13 23:58:13,403(YYYY-MM-ddHH:MM:ss.SSS][main]step_definitions.common_step_definition1)-Instantiation the commonutils
['INFO ]2023-09-13 23:58:13,404(YYYY-MM-ddHH:MM:ss.SSS][main]step_definitions.common_step_definition1)-Launch Browser
['INFO ]2023-09-13 23:58:13,570(YYYY-MM-ddHH:MM:ss.SSS][main]page_objects.StudentModule1)-Admin is on dashboard page : 
['INFO ]2023-09-13 23:58:18,660(YYYY-MM-ddHH:MM:ss.SSS][main]step_definitions.common_step_definition1)-Instantiation the commonutils
['INFO ]2023-09-13 23:58:18,660(YYYY-MM-ddHH:MM:ss.SSS][main]step_definitions.common_step_definition1)-Launch Browser
['INFO ]2023-09-13 23:58:18,841(YYYY-MM-ddHH:MM:ss.SSS][main]page_objects.StudentModule1)-Admin is on dashboard page : 
['INFO ]2023-09-13 23:58:23,861(YYYY-MM-ddHH:MM:ss.SSS][main]step_definitions.common_step_definition1)-Instantiation the commonutils
['INFO ]2023-09-13 23:58:23,861(YYYY-MM-ddHH:MM:ss.SSS][main]step_definitions.common_step_definition1)-Launch Browser
['INFO ]2023-09-13 23:58:24,034(YYYY-MM-ddHH:MM:ss.SSS][main]page_objects.StudentModule1)-Admin is on dashboard page : 
['INFO ]2023-09-13 23:58:29,097(YYYY-MM-ddHH:MM:ss.SSS][main]step_definitions.common_step_definition1)-Instantiation the commonutils
['INFO ]2023-09-13 23:58:29,098(YYYY-MM-ddHH:MM:ss.SSS][main]step_definitions.common_step_definition1)-Launch Browser
['INFO ]2023-09-13 23:58:29,101(YYYY-MM-ddHH:MM:ss.SSS][main]page_objects.StudentModule1)-Logged on to LMS portl
['INFO ]2023-09-13 23:58:29,287(YYYY-MM-ddHH:MM:ss.SSS][main]page_objects.StudentModule1)-Admin is on dashboard page : 
['INFO ]2023-09-13 23:58:34,372(YYYY-MM-ddHH:MM:ss.SSS][main]step_definitions.common_step_definition1)-Instantiation the commonutils
['INFO ]2023-09-13 23:58:34,373(YYYY-MM-ddHH:MM:ss.SSS][main]step_definitions.common_step_definition1)-Launch Browser
['INFO ]2023-09-13 23:58:34,377(YYYY-MM-ddHH:MM:ss.SSS][main]page_objects.StudentModule1)-Logged on to LMS portl
['INFO ]2023-09-13 23:58:34,462(YYYY-MM-ddHH:MM:ss.SSS][main]page_objects.StudentModule1)-Admin is on dashboard page : 
['INFO ]2023-09-13 23:58:39,488(YYYY-MM-ddHH:MM:ss.SSS][main]step_definitions.common_step_definition1)-Instantiation the commonutils
['INFO ]2023-09-13 23:58:39,488(YYYY-MM-ddHH:MM:ss.SSS][main]step_definitions.common_step_definition1)-Launch Browser
['INFO ]2023-09-13 23:58:39,492(YYYY-MM-ddHH:MM:ss.SSS][main]page_objects.StudentModule1)-Logged on to LMS portl
['INFO ]2023-09-13 23:58:39,579(YYYY-MM-ddHH:MM:ss.SSS][main]page_objects.StudentModule1)-Admin is on dashboard page : 
['INFO ]2023-09-13 23:58:44,649(YYYY-MM-ddHH:MM:ss.SSS][main]step_definitions.common_step_definition1)-Instantiation the commonutils
['INFO ]2023-09-13 23:58:44,649(YYYY-MM-ddHH:MM:ss.SSS][main]step_definitions.common_step_definition1)-Launch Browser
['INFO ]2023-09-13 23:58:44,651(YYYY-MM-ddHH:MM:ss.SSS][main]page_objects.StudentModule1)-Logged on to LMS portl
['INFO ]2023-09-13 23:58:44,742(YYYY-MM-ddHH:MM:ss.SSS][main]page_objects.StudentModule1)-Admin is on dashboard page : 
['INFO ]2023-09-13 23:58:49,817(YYYY-MM-ddHH:MM:ss.SSS][main]step_definitions.common_step_definition1)-Instantiation the commonutils
['INFO ]2023-09-13 23:58:49,817(YYYY-MM-ddHH:MM:ss.SSS][main]step_definitions.common_step_definition1)-Launch Browser
['INFO ]2023-09-13 23:58:49,819(YYYY-MM-ddHH:MM:ss.SSS][main]page_objects.StudentModule1)-Logged on to LMS portl
['INFO ]2023-09-13 23:58:49,906(YYYY-MM-ddHH:MM:ss.SSS][main]page_objects.StudentModule1)-Admin is on dashboard page : 
['INFO ]2023-09-13 23:58:54,960(YYYY-MM-ddHH:MM:ss.SSS][main]step_definitions.common_step_definition1)-Instantiation the commonutils
['INFO ]2023-09-13 23:58:54,960(YYYY-MM-ddHH:MM:ss.SSS][main]step_definitions.common_step_definition1)-Launch Browser
['INFO ]2023-09-13 23:58:54,962(YYYY-MM-ddHH:MM:ss.SSS][main]page_objects.StudentModule1)-Logged on to LMS portl
['INFO ]2023-09-13 23:58:55,048(YYYY-MM-ddHH:MM:ss.SSS][main]page_objects.StudentModule1)-Admin is on dashboard page : 
['INFO ]2023-09-13 23:59:00,104(YYYY-MM-ddHH:MM:ss.SSS][main]step_definitions.common_step_definition1)-Instantiation the commonutils
['INFO ]2023-09-13 23:59:00,104(YYYY-MM-ddHH:MM:ss.SSS][main]step_definitions.common_step_definition1)-Launch Browser
['INFO ]2023-09-13 23:59:00,107(YYYY-MM-ddHH:MM:ss.SSS][main]page_objects.StudentModule1)-Logged on to LMS portl
['INFO ]2023-09-13 23:59:00,198(YYYY-MM-ddHH:MM:ss.SSS][main]page_objects.StudentModule1)-Admin is on dashboard page : 
['INFO ]2023-09-13 23:59:05,226(YYYY-MM-ddHH:MM:ss.SSS][main]step_definitions.common_step_definition1)-Instantiation the commonutils
['INFO ]2023-09-13 23:59:05,226(YYYY-MM-ddHH:MM:ss.SSS][main]step_definitions.common_step_definition1)-Launch Browser
['INFO ]2023-09-13 23:59:05,228(YYYY-MM-ddHH:MM:ss.SSS][main]page_objects.StudentModule1)-Logged on to LMS portl
['INFO ]2023-09-13 23:59:05,316(YYYY-MM-ddHH:MM:ss.SSS][main]page_objects.StudentModule1)-Admin is on dashboard page : 
['INFO ]2023-09-13 23:59:10,347(YYYY-MM-ddHH:MM:ss.SSS][main]step_definitions.common_step_definition1)-Instantiation the commonutils
['INFO ]2023-09-13 23:59:10,347(YYYY-MM-ddHH:MM:ss.SSS][main]step_definitions.common_step_definition1)-Launch Browser
['INFO ]2023-09-13 23:59:10,349(YYYY-MM-ddHH:MM:ss.SSS][main]page_objects.StudentModule1)-Logged on to LMS portl
['INFO ]2023-09-13 23:59:10,426(YYYY-MM-ddHH:MM:ss.SSS][main]page_objects.StudentModule1)-Admin is on dashboard page : 
['INFO ]2023-09-13 23:59:15,491(YYYY-MM-ddHH:MM:ss.SSS][main]step_definitions.common_step_definition1)-Instantiation the commonutils
['INFO ]2023-09-13 23:59:15,492(YYYY-MM-ddHH:MM:ss.SSS][main]step_definitions.common_step_definition1)-Launch Browser
['INFO ]2023-09-13 23:59:15,496(YYYY-MM-ddHH:MM:ss.SSS][main]page_objects.StudentModule1)-Logged on to LMS portl
['INFO ]2023-09-13 23:59:15,574(YYYY-MM-ddHH:MM:ss.SSS][main]page_objects.StudentModule1)-Admin is on dashboard page : 
['INFO ]2023-09-13 23:59:20,606(YYYY-MM-ddHH:MM:ss.SSS][main]step_definitions.common_step_definition1)-Instantiation the commonutils
['INFO ]2023-09-13 23:59:20,607(YYYY-MM-ddHH:MM:ss.SSS][main]step_definitions.common_step_definition1)-Launch Browser
['INFO ]2023-09-13 23:59:20,610(YYYY-MM-ddHH:MM:ss.SSS][main]page_objects.StudentModule1)-Logged on to LMS portl
['INFO ]2023-09-13 23:59:20,703(YYYY-MM-ddHH:MM:ss.SSS][main]page_objects.StudentModule1)-Admin is on dashboard page : 
['INFO ]2023-09-13 23:59:25,746(YYYY-MM-ddHH:MM:ss.SSS][main]step_definitions.common_step_definition1)-Instantiation the commonutils
['INFO ]2023-09-13 23:59:25,746(YYYY-MM-ddHH:MM:ss.SSS][main]step_definitions.common_step_definition1)-Launch Browser
['INFO ]2023-09-13 23:59:25,748(YYYY-MM-ddHH:MM:ss.SSS][main]page_objects.StudentModule1)-Logged on to LMS portl
['INFO ]2023-09-13 23:59:25,830(YYYY-MM-ddHH:MM:ss.SSS][main]page_objects.StudentModule1)-Admin is on dashboard page : 
['INFO ]2023-09-13 23:59:30,859(YYYY-MM-ddHH:MM:ss.SSS][main]step_definitions.common_step_definition1)-Instantiation the commonutils
['INFO ]2023-09-13 23:59:30,860(YYYY-MM-ddHH:MM:ss.SSS][main]step_definitions.common_step_definition1)-Launch Browser
['INFO ]2023-09-13 23:59:30,862(YYYY-MM-ddHH:MM:ss.SSS][main]page_objects.StudentModule1)-Logged on to LMS portl
['INFO ]2023-09-13 23:59:30,942(YYYY-MM-ddHH:MM:ss.SSS][main]page_objects.StudentModule1)-Admin is on dashboard page : 
['INFO ]2023-09-13 23:59:36,024(YYYY-MM-ddHH:MM:ss.SSS][main]step_definitions.common_step_definition1)-Instantiation the commonutils
['INFO ]2023-09-13 23:59:36,026(YYYY-MM-ddHH:MM:ss.SSS][main]step_definitions.common_step_definition1)-Launch Browser
['INFO ]2023-09-13 23:59:36,028(YYYY-MM-ddHH:MM:ss.SSS][main]page_objects.StudentModule1)-Logged on to LMS portl
['INFO ]2023-09-13 23:59:36,117(YYYY-MM-ddHH:MM:ss.SSS][main]page_objects.StudentModule1)-Admin is on dashboard page : 
['INFO ]2023-09-13 23:59:41,174(YYYY-MM-ddHH:MM:ss.SSS][main]step_definitions.common_step_definition1)-Instantiation the commonutils
['INFO ]2023-09-13 23:59:41,174(YYYY-MM-ddHH:MM:ss.SSS][main]step_definitions.common_step_definition1)-Launch Browser
['INFO ]2023-09-13 23:59:41,176(YYYY-MM-ddHH:MM:ss.SSS][main]page_objects.StudentModule1)-Logged on to LMS portl
['INFO ]2023-09-13 23:59:41,261(YYYY-MM-ddHH:MM:ss.SSS][main]page_objects.StudentModule1)-Admin is on dashboard page : 
