['INFO ]2023-09-12 10:40:07,602(YYYY-MM-ddHH:MM:ss.SSS][main]step_definitions.common_step_definition1)-Instantiation the commonutils
['INFO ]2023-09-12 10:40:07,606(YYYY-MM-ddHH:MM:ss.SSS][main]step_definitions.common_step_definition1)-Launch Browser
['INFO ]2023-09-12 10:40:07,606(YYYY-MM-ddHH:MM:ss.SSS][main]webdriver_manager.DriverManager1)-Launched chrome
['INFO ]2023-09-12 10:40:11,853(YYYY-MM-ddHH:MM:ss.SSS][main]step_definitions.ManageProgramModule1)-Logged on to LMS portl as Admin
['INFO ]2023-09-12 10:40:17,642(YYYY-MM-ddHH:MM:ss.SSS][main]step_definitions.common_step_definition1)-Instantiation the commonutils
['INFO ]2023-09-12 10:40:17,644(YYYY-MM-ddHH:MM:ss.SSS][main]step_definitions.common_step_definition1)-Launch Browser
['INFO ]2023-09-12 10:40:17,650(YYYY-MM-ddHH:MM:ss.SSS][main]step_definitions.ManageProgramModule1)-Logged on to LMS portl as Admin
['INFO ]2023-09-12 10:40:22,978(YYYY-MM-ddHH:MM:ss.SSS][main]step_definitions.common_step_definition1)-Instantiation the commonutils
['INFO ]2023-09-12 10:40:22,980(YYYY-MM-ddHH:MM:ss.SSS][main]step_definitions.common_step_definition1)-Launch Browser
['INFO ]2023-09-12 10:40:22,986(YYYY-MM-ddHH:MM:ss.SSS][main]step_definitions.ManageProgramModule1)-Logged on to LMS portl as Admin
['INFO ]2023-09-12 10:40:28,316(YYYY-MM-ddHH:MM:ss.SSS][main]step_definitions.common_step_definition1)-Instantiation the commonutils
['INFO ]2023-09-12 10:40:28,317(YYYY-MM-ddHH:MM:ss.SSS][main]step_definitions.common_step_definition1)-Launch Browser
['INFO ]2023-09-12 10:40:28,323(YYYY-MM-ddHH:MM:ss.SSS][main]step_definitions.ManageProgramModule1)-Logged on to LMS portl as Admin
['INFO ]2023-09-12 10:40:33,765(YYYY-MM-ddHH:MM:ss.SSS][main]step_definitions.common_step_definition1)-Instantiation the commonutils
['INFO ]2023-09-12 10:40:33,766(YYYY-MM-ddHH:MM:ss.SSS][main]step_definitions.common_step_definition1)-Launch Browser
['INFO ]2023-09-12 10:40:33,772(YYYY-MM-ddHH:MM:ss.SSS][main]step_definitions.ManageProgramModule1)-Logged on to LMS portl as Admin
['INFO ]2023-09-12 10:40:39,067(YYYY-MM-ddHH:MM:ss.SSS][main]step_definitions.common_step_definition1)-Instantiation the commonutils
['INFO ]2023-09-12 10:40:39,068(YYYY-MM-ddHH:MM:ss.SSS][main]step_definitions.common_step_definition1)-Launch Browser
['INFO ]2023-09-12 10:40:39,073(YYYY-MM-ddHH:MM:ss.SSS][main]step_definitions.ManageProgramModule1)-Logged on to LMS portl as Admin
['INFO ]2023-09-12 10:40:44,476(YYYY-MM-ddHH:MM:ss.SSS][main]step_definitions.common_step_definition1)-Instantiation the commonutils
['INFO ]2023-09-12 10:40:44,478(YYYY-MM-ddHH:MM:ss.SSS][main]step_definitions.common_step_definition1)-Launch Browser
['INFO ]2023-09-12 10:40:44,483(YYYY-MM-ddHH:MM:ss.SSS][main]step_definitions.ManageProgramModule1)-Logged on to LMS portl as Admin
['INFO ]2023-09-12 10:40:49,774(YYYY-MM-ddHH:MM:ss.SSS][main]step_definitions.common_step_definition1)-Instantiation the commonutils
['INFO ]2023-09-12 10:40:49,775(YYYY-MM-ddHH:MM:ss.SSS][main]step_definitions.common_step_definition1)-Launch Browser
['INFO ]2023-09-12 10:40:49,781(YYYY-MM-ddHH:MM:ss.SSS][main]step_definitions.ManageProgramModule1)-Logged on to LMS portl as Admin
['INFO ]2023-09-12 10:42:33,403(YYYY-MM-ddHH:MM:ss.SSS][main]step_definitions.common_step_definition1)-Instantiation the commonutils
['INFO ]2023-09-12 10:42:33,406(YYYY-MM-ddHH:MM:ss.SSS][main]step_definitions.common_step_definition1)-Launch Browser
['INFO ]2023-09-12 10:42:33,406(YYYY-MM-ddHH:MM:ss.SSS][main]webdriver_manager.DriverManager1)-Launched chrome
['INFO ]2023-09-12 10:42:36,071(YYYY-MM-ddHH:MM:ss.SSS][main]step_definitions.ManageProgramModule1)-Logged on to LMS portl as Admin
['INFO ]2023-09-12 10:43:00,113(YYYY-MM-ddHH:MM:ss.SSS][main]step_definitions.common_step_definition1)-Instantiation the commonutils
['INFO ]2023-09-12 10:43:00,125(YYYY-MM-ddHH:MM:ss.SSS][main]step_definitions.common_step_definition1)-Launch Browser
['INFO ]2023-09-12 10:43:00,126(YYYY-MM-ddHH:MM:ss.SSS][main]webdriver_manager.DriverManager1)-Launched chrome
['INFO ]2023-09-12 10:43:02,252(YYYY-MM-ddHH:MM:ss.SSS][main]step_definitions.ManageProgramModule1)-Logged on to LMS portl as Admin
['INFO ]2023-09-12 10:43:08,499(YYYY-MM-ddHH:MM:ss.SSS][main]step_definitions.common_step_definition1)-Instantiation the commonutils
['INFO ]2023-09-12 10:43:08,500(YYYY-MM-ddHH:MM:ss.SSS][main]step_definitions.common_step_definition1)-Launch Browser
['INFO ]2023-09-12 10:43:08,504(YYYY-MM-ddHH:MM:ss.SSS][main]step_definitions.ManageProgramModule1)-Logged on to LMS portl as Admin
['INFO ]2023-09-12 10:43:14,249(YYYY-MM-ddHH:MM:ss.SSS][main]step_definitions.common_step_definition1)-Instantiation the commonutils
['INFO ]2023-09-12 10:43:14,250(YYYY-MM-ddHH:MM:ss.SSS][main]step_definitions.common_step_definition1)-Launch Browser
['INFO ]2023-09-12 10:43:14,256(YYYY-MM-ddHH:MM:ss.SSS][main]step_definitions.ManageProgramModule1)-Logged on to LMS portl as Admin
['INFO ]2023-09-12 10:43:19,575(YYYY-MM-ddHH:MM:ss.SSS][main]step_definitions.common_step_definition1)-Instantiation the commonutils
['INFO ]2023-09-12 10:43:19,576(YYYY-MM-ddHH:MM:ss.SSS][main]step_definitions.common_step_definition1)-Launch Browser
['INFO ]2023-09-12 10:43:19,582(YYYY-MM-ddHH:MM:ss.SSS][main]step_definitions.ManageProgramModule1)-Logged on to LMS portl as Admin
['INFO ]2023-09-12 10:43:24,969(YYYY-MM-ddHH:MM:ss.SSS][main]step_definitions.common_step_definition1)-Instantiation the commonutils
['INFO ]2023-09-12 10:43:24,969(YYYY-MM-ddHH:MM:ss.SSS][main]step_definitions.common_step_definition1)-Launch Browser
['INFO ]2023-09-12 10:43:24,973(YYYY-MM-ddHH:MM:ss.SSS][main]step_definitions.ManageProgramModule1)-Logged on to LMS portl as Admin
['INFO ]2023-09-12 10:43:30,226(YYYY-MM-ddHH:MM:ss.SSS][main]step_definitions.common_step_definition1)-Instantiation the commonutils
['INFO ]2023-09-12 10:43:30,227(YYYY-MM-ddHH:MM:ss.SSS][main]step_definitions.common_step_definition1)-Launch Browser
['INFO ]2023-09-12 10:43:30,233(YYYY-MM-ddHH:MM:ss.SSS][main]step_definitions.ManageProgramModule1)-Logged on to LMS portl as Admin
['INFO ]2023-09-12 10:44:20,352(YYYY-MM-ddHH:MM:ss.SSS][main]step_definitions.common_step_definition1)-Instantiation the commonutils
['INFO ]2023-09-12 10:44:20,355(YYYY-MM-ddHH:MM:ss.SSS][main]step_definitions.common_step_definition1)-Launch Browser
['INFO ]2023-09-12 10:44:20,356(YYYY-MM-ddHH:MM:ss.SSS][main]webdriver_manager.DriverManager1)-Launched chrome
['INFO ]2023-09-12 10:44:22,497(YYYY-MM-ddHH:MM:ss.SSS][main]step_definitions.ManageProgramModule1)-Logged on to LMS portl as Admin
['INFO ]2023-09-12 10:44:28,305(YYYY-MM-ddHH:MM:ss.SSS][main]step_definitions.common_step_definition1)-Instantiation the commonutils
['INFO ]2023-09-12 10:44:28,308(YYYY-MM-ddHH:MM:ss.SSS][main]step_definitions.common_step_definition1)-Launch Browser
['INFO ]2023-09-12 10:44:28,314(YYYY-MM-ddHH:MM:ss.SSS][main]step_definitions.ManageProgramModule1)-Logged on to LMS portl as Admin
['INFO ]2023-09-12 10:44:54,427(YYYY-MM-ddHH:MM:ss.SSS][main]step_definitions.common_step_definition1)-Instantiation the commonutils
['INFO ]2023-09-12 10:44:54,429(YYYY-MM-ddHH:MM:ss.SSS][main]step_definitions.common_step_definition1)-Launch Browser
['INFO ]2023-09-12 10:44:54,429(YYYY-MM-ddHH:MM:ss.SSS][main]webdriver_manager.DriverManager1)-Launched chrome
['INFO ]2023-09-12 10:44:56,478(YYYY-MM-ddHH:MM:ss.SSS][main]step_definitions.ManageProgramModule1)-Logged on to LMS portl as Admin
['INFO ]2023-09-12 10:45:03,133(YYYY-MM-ddHH:MM:ss.SSS][main]step_definitions.common_step_definition1)-Instantiation the commonutils
['INFO ]2023-09-12 10:45:03,134(YYYY-MM-ddHH:MM:ss.SSS][main]step_definitions.common_step_definition1)-Launch Browser
['INFO ]2023-09-12 10:45:03,139(YYYY-MM-ddHH:MM:ss.SSS][main]step_definitions.ManageProgramModule1)-Logged on to LMS portl as Admin
['INFO ]2023-09-12 10:45:09,491(YYYY-MM-ddHH:MM:ss.SSS][main]step_definitions.common_step_definition1)-Instantiation the commonutils
['INFO ]2023-09-12 10:45:09,492(YYYY-MM-ddHH:MM:ss.SSS][main]step_definitions.common_step_definition1)-Launch Browser
['INFO ]2023-09-12 10:45:09,497(YYYY-MM-ddHH:MM:ss.SSS][main]step_definitions.ManageProgramModule1)-Logged on to LMS portl as Admin
['INFO ]2023-09-12 10:45:15,857(YYYY-MM-ddHH:MM:ss.SSS][main]step_definitions.common_step_definition1)-Instantiation the commonutils
['INFO ]2023-09-12 10:45:15,858(YYYY-MM-ddHH:MM:ss.SSS][main]step_definitions.common_step_definition1)-Launch Browser
['INFO ]2023-09-12 10:45:15,863(YYYY-MM-ddHH:MM:ss.SSS][main]step_definitions.ManageProgramModule1)-Logged on to LMS portl as Admin
['INFO ]2023-09-12 10:45:22,340(YYYY-MM-ddHH:MM:ss.SSS][main]step_definitions.common_step_definition1)-Instantiation the commonutils
['INFO ]2023-09-12 10:45:22,341(YYYY-MM-ddHH:MM:ss.SSS][main]step_definitions.common_step_definition1)-Launch Browser
['INFO ]2023-09-12 10:45:22,346(YYYY-MM-ddHH:MM:ss.SSS][main]step_definitions.ManageProgramModule1)-Logged on to LMS portl as Admin
['INFO ]2023-09-12 10:46:12,114(YYYY-MM-ddHH:MM:ss.SSS][main]step_definitions.common_step_definition1)-Instantiation the commonutils
['INFO ]2023-09-12 10:46:12,116(YYYY-MM-ddHH:MM:ss.SSS][main]step_definitions.common_step_definition1)-Launch Browser
['INFO ]2023-09-12 10:46:12,117(YYYY-MM-ddHH:MM:ss.SSS][main]webdriver_manager.DriverManager1)-Launched chrome
['INFO ]2023-09-12 10:46:24,990(YYYY-MM-ddHH:MM:ss.SSS][main]step_definitions.ManageProgramModule1)-Two or more checkboxes in rows are selected
['INFO ]2023-09-12 10:46:30,118(YYYY-MM-ddHH:MM:ss.SSS][main]step_definitions.common_step_definition1)-Instantiation the commonutils
['INFO ]2023-09-12 10:46:30,119(YYYY-MM-ddHH:MM:ss.SSS][main]step_definitions.common_step_definition1)-Launch Browser
['INFO ]2023-09-12 10:46:40,593(YYYY-MM-ddHH:MM:ss.SSS][main]step_definitions.ManageProgramModule1)-Two or more checkboxes in rows are selected
['INFO ]2023-09-12 10:47:05,791(YYYY-MM-ddHH:MM:ss.SSS][main]step_definitions.common_step_definition1)-Instantiation the commonutils
['INFO ]2023-09-12 10:47:05,794(YYYY-MM-ddHH:MM:ss.SSS][main]step_definitions.common_step_definition1)-Launch Browser
['INFO ]2023-09-12 10:47:05,795(YYYY-MM-ddHH:MM:ss.SSS][main]webdriver_manager.DriverManager1)-Launched chrome
['INFO ]2023-09-12 10:47:07,876(YYYY-MM-ddHH:MM:ss.SSS][main]step_definitions.ManageProgramModule1)-Logged on to LMS portl as Admin
['INFO ]2023-09-12 10:47:13,855(YYYY-MM-ddHH:MM:ss.SSS][main]step_definitions.common_step_definition1)-Instantiation the commonutils
['INFO ]2023-09-12 10:47:13,856(YYYY-MM-ddHH:MM:ss.SSS][main]step_definitions.common_step_definition1)-Launch Browser
['INFO ]2023-09-12 10:47:13,862(YYYY-MM-ddHH:MM:ss.SSS][main]step_definitions.ManageProgramModule1)-Logged on to LMS portl as Admin
['INFO ]2023-09-12 10:47:19,502(YYYY-MM-ddHH:MM:ss.SSS][main]step_definitions.common_step_definition1)-Instantiation the commonutils
['INFO ]2023-09-12 10:47:19,503(YYYY-MM-ddHH:MM:ss.SSS][main]step_definitions.common_step_definition1)-Launch Browser
['INFO ]2023-09-12 10:47:19,510(YYYY-MM-ddHH:MM:ss.SSS][main]step_definitions.ManageProgramModule1)-Logged on to LMS portl as Admin
['INFO ]2023-09-12 10:47:24,838(YYYY-MM-ddHH:MM:ss.SSS][main]step_definitions.common_step_definition1)-Instantiation the commonutils
['INFO ]2023-09-12 10:47:24,839(YYYY-MM-ddHH:MM:ss.SSS][main]step_definitions.common_step_definition1)-Launch Browser
['INFO ]2023-09-12 10:47:24,845(YYYY-MM-ddHH:MM:ss.SSS][main]step_definitions.ManageProgramModule1)-Logged on to LMS portl as Admin
['INFO ]2023-09-12 10:48:09,965(YYYY-MM-ddHH:MM:ss.SSS][main]step_definitions.common_step_definition1)-Instantiation the commonutils
['INFO ]2023-09-12 10:48:09,967(YYYY-MM-ddHH:MM:ss.SSS][main]step_definitions.common_step_definition1)-Launch Browser
['INFO ]2023-09-12 10:48:09,968(YYYY-MM-ddHH:MM:ss.SSS][main]webdriver_manager.DriverManager1)-Launched chrome
['INFO ]2023-09-12 10:48:12,295(YYYY-MM-ddHH:MM:ss.SSS][main]step_definitions.ManageProgramModule1)-Logged on to LMS portl as Admin
['INFO ]2023-09-12 10:48:18,293(YYYY-MM-ddHH:MM:ss.SSS][main]step_definitions.common_step_definition1)-Instantiation the commonutils
['INFO ]2023-09-12 10:48:18,294(YYYY-MM-ddHH:MM:ss.SSS][main]step_definitions.common_step_definition1)-Launch Browser
['INFO ]2023-09-12 10:48:18,301(YYYY-MM-ddHH:MM:ss.SSS][main]step_definitions.ManageProgramModule1)-Logged on to LMS portl as Admin
['INFO ]2023-09-12 10:48:23,745(YYYY-MM-ddHH:MM:ss.SSS][main]step_definitions.common_step_definition1)-Instantiation the commonutils
['INFO ]2023-09-12 10:48:23,746(YYYY-MM-ddHH:MM:ss.SSS][main]step_definitions.common_step_definition1)-Launch Browser
['INFO ]2023-09-12 10:48:23,750(YYYY-MM-ddHH:MM:ss.SSS][main]step_definitions.ManageProgramModule1)-Logged on to LMS portl as Admin
['INFO ]2023-09-12 10:48:28,944(YYYY-MM-ddHH:MM:ss.SSS][main]step_definitions.common_step_definition1)-Instantiation the commonutils
['INFO ]2023-09-12 10:48:28,946(YYYY-MM-ddHH:MM:ss.SSS][main]step_definitions.common_step_definition1)-Launch Browser
['INFO ]2023-09-12 10:48:28,952(YYYY-MM-ddHH:MM:ss.SSS][main]step_definitions.ManageProgramModule1)-Logged on to LMS portl as Admin
['INFO ]2023-09-12 10:48:34,278(YYYY-MM-ddHH:MM:ss.SSS][main]step_definitions.common_step_definition1)-Instantiation the commonutils
['INFO ]2023-09-12 10:48:34,279(YYYY-MM-ddHH:MM:ss.SSS][main]step_definitions.common_step_definition1)-Launch Browser
['INFO ]2023-09-12 10:48:34,284(YYYY-MM-ddHH:MM:ss.SSS][main]step_definitions.ManageProgramModule1)-Logged on to LMS portl as Admin
['INFO ]2023-09-12 10:48:39,607(YYYY-MM-ddHH:MM:ss.SSS][main]step_definitions.common_step_definition1)-Instantiation the commonutils
['INFO ]2023-09-12 10:48:39,609(YYYY-MM-ddHH:MM:ss.SSS][main]step_definitions.common_step_definition1)-Launch Browser
['INFO ]2023-09-12 10:48:39,615(YYYY-MM-ddHH:MM:ss.SSS][main]step_definitions.ManageProgramModule1)-Logged on to LMS portl as Admin
['INFO ]2023-09-12 10:49:28,948(YYYY-MM-ddHH:MM:ss.SSS][main]step_definitions.common_step_definition1)-Instantiation the commonutils
['INFO ]2023-09-12 10:49:28,950(YYYY-MM-ddHH:MM:ss.SSS][main]step_definitions.common_step_definition1)-Launch Browser
['INFO ]2023-09-12 10:49:28,950(YYYY-MM-ddHH:MM:ss.SSS][main]webdriver_manager.DriverManager1)-Launched chrome
['INFO ]2023-09-12 10:49:31,033(YYYY-MM-ddHH:MM:ss.SSS][main]step_definitions.ManageProgramModule1)-Logged on to LMS portl as Admin
['INFO ]2023-09-12 10:49:38,265(YYYY-MM-ddHH:MM:ss.SSS][main]step_definitions.common_step_definition1)-Instantiation the commonutils
['INFO ]2023-09-12 10:49:38,266(YYYY-MM-ddHH:MM:ss.SSS][main]step_definitions.common_step_definition1)-Launch Browser
['INFO ]2023-09-12 10:49:38,273(YYYY-MM-ddHH:MM:ss.SSS][main]step_definitions.ManageProgramModule1)-Logged on to LMS portl as Admin
['INFO ]2023-09-12 10:49:44,777(YYYY-MM-ddHH:MM:ss.SSS][main]step_definitions.common_step_definition1)-Instantiation the commonutils
['INFO ]2023-09-12 10:49:44,778(YYYY-MM-ddHH:MM:ss.SSS][main]step_definitions.common_step_definition1)-Launch Browser
['INFO ]2023-09-12 10:49:44,783(YYYY-MM-ddHH:MM:ss.SSS][main]step_definitions.ManageProgramModule1)-Logged on to LMS portl as Admin
['INFO ]2023-09-12 14:42:35,734(YYYY-MM-ddHH:MM:ss.SSS][main]step_definitions.common_step_definition1)-Instantiation the commonutils
['INFO ]2023-09-12 14:42:35,737(YYYY-MM-ddHH:MM:ss.SSS][main]step_definitions.common_step_definition1)-Launch Browser
['INFO ]2023-09-12 14:42:35,738(YYYY-MM-ddHH:MM:ss.SSS][main]webdriver_manager.DriverManager1)-Launched chrome
['INFO ]2023-09-12 14:42:39,825(YYYY-MM-ddHH:MM:ss.SSS][main]step_definitions.ManageProgramModule1)-Logged on to LMS portl as Admin
['INFO ]2023-09-12 14:42:45,562(YYYY-MM-ddHH:MM:ss.SSS][main]step_definitions.common_step_definition1)-Instantiation the commonutils
['INFO ]2023-09-12 14:42:45,563(YYYY-MM-ddHH:MM:ss.SSS][main]step_definitions.common_step_definition1)-Launch Browser
['INFO ]2023-09-12 14:42:45,570(YYYY-MM-ddHH:MM:ss.SSS][main]step_definitions.ManageProgramModule1)-Logged on to LMS portl as Admin
['INFO ]2023-09-12 14:42:51,024(YYYY-MM-ddHH:MM:ss.SSS][main]step_definitions.common_step_definition1)-Instantiation the commonutils
['INFO ]2023-09-12 14:42:51,026(YYYY-MM-ddHH:MM:ss.SSS][main]step_definitions.common_step_definition1)-Launch Browser
['INFO ]2023-09-12 14:42:51,032(YYYY-MM-ddHH:MM:ss.SSS][main]step_definitions.ManageProgramModule1)-Logged on to LMS portl as Admin
['INFO ]2023-09-12 14:42:56,333(YYYY-MM-ddHH:MM:ss.SSS][main]step_definitions.common_step_definition1)-Instantiation the commonutils
['INFO ]2023-09-12 14:42:56,334(YYYY-MM-ddHH:MM:ss.SSS][main]step_definitions.common_step_definition1)-Launch Browser
['INFO ]2023-09-12 14:42:56,340(YYYY-MM-ddHH:MM:ss.SSS][main]step_definitions.ManageProgramModule1)-Logged on to LMS portl as Admin
['INFO ]2023-09-12 14:43:01,728(YYYY-MM-ddHH:MM:ss.SSS][main]step_definitions.common_step_definition1)-Instantiation the commonutils
['INFO ]2023-09-12 14:43:01,730(YYYY-MM-ddHH:MM:ss.SSS][main]step_definitions.common_step_definition1)-Launch Browser
['INFO ]2023-09-12 14:43:01,735(YYYY-MM-ddHH:MM:ss.SSS][main]step_definitions.ManageProgramModule1)-Logged on to LMS portl as Admin
['INFO ]2023-09-12 14:43:06,989(YYYY-MM-ddHH:MM:ss.SSS][main]step_definitions.common_step_definition1)-Instantiation the commonutils
['INFO ]2023-09-12 14:43:06,989(YYYY-MM-ddHH:MM:ss.SSS][main]step_definitions.common_step_definition1)-Launch Browser
['INFO ]2023-09-12 14:43:06,995(YYYY-MM-ddHH:MM:ss.SSS][main]step_definitions.ManageProgramModule1)-Logged on to LMS portl as Admin
['INFO ]2023-09-12 14:43:12,397(YYYY-MM-ddHH:MM:ss.SSS][main]step_definitions.common_step_definition1)-Instantiation the commonutils
['INFO ]2023-09-12 14:43:12,398(YYYY-MM-ddHH:MM:ss.SSS][main]step_definitions.common_step_definition1)-Launch Browser
['INFO ]2023-09-12 14:43:12,404(YYYY-MM-ddHH:MM:ss.SSS][main]step_definitions.ManageProgramModule1)-Logged on to LMS portl as Admin
['INFO ]2023-09-12 21:44:04,930(YYYY-MM-ddHH:MM:ss.SSS][main]step_definitions.common_step_definition1)-Instantiation the commonutils
['INFO ]2023-09-12 21:44:04,940(YYYY-MM-ddHH:MM:ss.SSS][main]step_definitions.common_step_definition1)-Launch Browser
['INFO ]2023-09-12 21:44:04,941(YYYY-MM-ddHH:MM:ss.SSS][main]webdriver_manager.DriverManager1)-Launched chrome
['INFO ]2023-09-12 21:44:12,852(YYYY-MM-ddHH:MM:ss.SSS][main]step_definitions.ManageProgramModule1)-Logged on to LMS portl as Admin
['INFO ]2023-09-12 21:44:19,561(YYYY-MM-ddHH:MM:ss.SSS][main]step_definitions.common_step_definition1)-Instantiation the commonutils
['INFO ]2023-09-12 21:44:19,562(YYYY-MM-ddHH:MM:ss.SSS][main]step_definitions.common_step_definition1)-Launch Browser
['INFO ]2023-09-12 21:44:19,572(YYYY-MM-ddHH:MM:ss.SSS][main]step_definitions.ManageProgramModule1)-Logged on to LMS portl as Admin
['INFO ]2023-09-12 21:44:25,663(YYYY-MM-ddHH:MM:ss.SSS][main]step_definitions.common_step_definition1)-Instantiation the commonutils
['INFO ]2023-09-12 21:44:25,663(YYYY-MM-ddHH:MM:ss.SSS][main]step_definitions.common_step_definition1)-Launch Browser
['INFO ]2023-09-12 21:44:25,673(YYYY-MM-ddHH:MM:ss.SSS][main]step_definitions.ManageProgramModule1)-Logged on to LMS portl as Admin
['INFO ]2023-09-12 21:44:31,277(YYYY-MM-ddHH:MM:ss.SSS][main]step_definitions.common_step_definition1)-Instantiation the commonutils
['INFO ]2023-09-12 21:44:31,278(YYYY-MM-ddHH:MM:ss.SSS][main]step_definitions.common_step_definition1)-Launch Browser
['INFO ]2023-09-12 21:44:31,295(YYYY-MM-ddHH:MM:ss.SSS][main]step_definitions.ManageProgramModule1)-Logged on to LMS portl as Admin
['INFO ]2023-09-12 21:44:36,803(YYYY-MM-ddHH:MM:ss.SSS][main]step_definitions.common_step_definition1)-Instantiation the commonutils
['INFO ]2023-09-12 21:44:36,804(YYYY-MM-ddHH:MM:ss.SSS][main]step_definitions.common_step_definition1)-Launch Browser
['INFO ]2023-09-12 21:44:36,815(YYYY-MM-ddHH:MM:ss.SSS][main]step_definitions.ManageProgramModule1)-Logged on to LMS portl as Admin
['INFO ]2023-09-12 21:44:42,162(YYYY-MM-ddHH:MM:ss.SSS][main]step_definitions.common_step_definition1)-Instantiation the commonutils
['INFO ]2023-09-12 21:44:42,163(YYYY-MM-ddHH:MM:ss.SSS][main]step_definitions.common_step_definition1)-Launch Browser
['INFO ]2023-09-12 21:44:42,172(YYYY-MM-ddHH:MM:ss.SSS][main]step_definitions.ManageProgramModule1)-Logged on to LMS portl as Admin
['INFO ]2023-09-12 21:44:47,518(YYYY-MM-ddHH:MM:ss.SSS][main]step_definitions.common_step_definition1)-Instantiation the commonutils
['INFO ]2023-09-12 21:44:47,519(YYYY-MM-ddHH:MM:ss.SSS][main]step_definitions.common_step_definition1)-Launch Browser
['INFO ]2023-09-12 21:44:47,540(YYYY-MM-ddHH:MM:ss.SSS][main]step_definitions.ManageProgramModule1)-Logged on to LMS portl as Admin
['INFO ]2023-09-12 21:44:52,961(YYYY-MM-ddHH:MM:ss.SSS][main]step_definitions.common_step_definition1)-Instantiation the commonutils
['INFO ]2023-09-12 21:44:52,962(YYYY-MM-ddHH:MM:ss.SSS][main]step_definitions.common_step_definition1)-Launch Browser
['INFO ]2023-09-12 21:44:52,969(YYYY-MM-ddHH:MM:ss.SSS][main]step_definitions.ManageProgramModule1)-Logged on to LMS portl as Admin
['INFO ]2023-09-12 21:44:58,692(YYYY-MM-ddHH:MM:ss.SSS][main]step_definitions.common_step_definition1)-Instantiation the commonutils
['INFO ]2023-09-12 21:44:58,692(YYYY-MM-ddHH:MM:ss.SSS][main]step_definitions.common_step_definition1)-Launch Browser
['INFO ]2023-09-12 21:44:58,698(YYYY-MM-ddHH:MM:ss.SSS][main]step_definitions.ManageProgramModule1)-Logged on to LMS portl as Admin
['INFO ]2023-09-12 21:45:04,439(YYYY-MM-ddHH:MM:ss.SSS][main]step_definitions.common_step_definition1)-Instantiation the commonutils
['INFO ]2023-09-12 21:45:04,441(YYYY-MM-ddHH:MM:ss.SSS][main]step_definitions.common_step_definition1)-Launch Browser
['INFO ]2023-09-12 21:45:04,448(YYYY-MM-ddHH:MM:ss.SSS][main]step_definitions.ManageProgramModule1)-Logged on to LMS portl as Admin
['INFO ]2023-09-12 21:45:10,298(YYYY-MM-ddHH:MM:ss.SSS][main]step_definitions.common_step_definition1)-Instantiation the commonutils
['INFO ]2023-09-12 21:45:10,299(YYYY-MM-ddHH:MM:ss.SSS][main]step_definitions.common_step_definition1)-Launch Browser
['INFO ]2023-09-12 21:45:10,305(YYYY-MM-ddHH:MM:ss.SSS][main]step_definitions.ManageProgramModule1)-Logged on to LMS portl as Admin
['INFO ]2023-09-12 21:45:15,857(YYYY-MM-ddHH:MM:ss.SSS][main]step_definitions.common_step_definition1)-Instantiation the commonutils
['INFO ]2023-09-12 21:45:15,858(YYYY-MM-ddHH:MM:ss.SSS][main]step_definitions.common_step_definition1)-Launch Browser
['INFO ]2023-09-12 21:45:15,868(YYYY-MM-ddHH:MM:ss.SSS][main]step_definitions.ManageProgramModule1)-Logged on to LMS portl as Admin
['INFO ]2023-09-12 21:45:21,374(YYYY-MM-ddHH:MM:ss.SSS][main]step_definitions.common_step_definition1)-Instantiation the commonutils
['INFO ]2023-09-12 21:45:21,377(YYYY-MM-ddHH:MM:ss.SSS][main]step_definitions.common_step_definition1)-Launch Browser
['INFO ]2023-09-12 21:45:21,383(YYYY-MM-ddHH:MM:ss.SSS][main]step_definitions.ManageProgramModule1)-Logged on to LMS portl as Admin
['INFO ]2023-09-12 21:45:26,862(YYYY-MM-ddHH:MM:ss.SSS][main]step_definitions.common_step_definition1)-Instantiation the commonutils
['INFO ]2023-09-12 21:45:26,864(YYYY-MM-ddHH:MM:ss.SSS][main]step_definitions.common_step_definition1)-Launch Browser
['INFO ]2023-09-12 21:45:26,868(YYYY-MM-ddHH:MM:ss.SSS][main]step_definitions.ManageProgramModule1)-Logged on to LMS portl as Admin
['INFO ]2023-09-12 21:45:32,206(YYYY-MM-ddHH:MM:ss.SSS][main]step_definitions.common_step_definition1)-Instantiation the commonutils
['INFO ]2023-09-12 21:45:32,208(YYYY-MM-ddHH:MM:ss.SSS][main]step_definitions.common_step_definition1)-Launch Browser
['INFO ]2023-09-12 21:45:32,222(YYYY-MM-ddHH:MM:ss.SSS][main]step_definitions.ManageProgramModule1)-Logged on to LMS portl as Admin
['INFO ]2023-09-12 21:45:37,769(YYYY-MM-ddHH:MM:ss.SSS][main]step_definitions.common_step_definition1)-Instantiation the commonutils
['INFO ]2023-09-12 21:45:37,770(YYYY-MM-ddHH:MM:ss.SSS][main]step_definitions.common_step_definition1)-Launch Browser
['INFO ]2023-09-12 21:45:37,787(YYYY-MM-ddHH:MM:ss.SSS][main]step_definitions.ManageProgramModule1)-Logged on to LMS portl as Admin
['INFO ]2023-09-12 21:45:43,290(YYYY-MM-ddHH:MM:ss.SSS][main]step_definitions.common_step_definition1)-Instantiation the commonutils
['INFO ]2023-09-12 21:45:43,291(YYYY-MM-ddHH:MM:ss.SSS][main]step_definitions.common_step_definition1)-Launch Browser
['INFO ]2023-09-12 21:45:43,297(YYYY-MM-ddHH:MM:ss.SSS][main]step_definitions.ManageProgramModule1)-Logged on to LMS portl as Admin
['INFO ]2023-09-12 21:45:48,742(YYYY-MM-ddHH:MM:ss.SSS][main]step_definitions.common_step_definition1)-Instantiation the commonutils
['INFO ]2023-09-12 21:45:48,742(YYYY-MM-ddHH:MM:ss.SSS][main]step_definitions.common_step_definition1)-Launch Browser
['INFO ]2023-09-12 21:45:48,745(YYYY-MM-ddHH:MM:ss.SSS][main]step_definitions.ManageProgramModule1)-Logged on to LMS portl as Admin
['INFO ]2023-09-12 21:45:54,240(YYYY-MM-ddHH:MM:ss.SSS][main]step_definitions.common_step_definition1)-Instantiation the commonutils
['INFO ]2023-09-12 21:45:54,240(YYYY-MM-ddHH:MM:ss.SSS][main]step_definitions.common_step_definition1)-Launch Browser
['INFO ]2023-09-12 21:45:54,243(YYYY-MM-ddHH:MM:ss.SSS][main]step_definitions.ManageProgramModule1)-Logged on to LMS portl as Admin
['INFO ]2023-09-12 21:45:59,786(YYYY-MM-ddHH:MM:ss.SSS][main]step_definitions.common_step_definition1)-Instantiation the commonutils
['INFO ]2023-09-12 21:45:59,787(YYYY-MM-ddHH:MM:ss.SSS][main]step_definitions.common_step_definition1)-Launch Browser
['INFO ]2023-09-12 21:45:59,790(YYYY-MM-ddHH:MM:ss.SSS][main]step_definitions.ManageProgramModule1)-Logged on to LMS portl as Admin
['INFO ]2023-09-12 21:46:05,144(YYYY-MM-ddHH:MM:ss.SSS][main]step_definitions.common_step_definition1)-Instantiation the commonutils
['INFO ]2023-09-12 21:46:05,144(YYYY-MM-ddHH:MM:ss.SSS][main]step_definitions.common_step_definition1)-Launch Browser
['INFO ]2023-09-12 21:46:05,149(YYYY-MM-ddHH:MM:ss.SSS][main]step_definitions.ManageProgramModule1)-Logged on to LMS portl as Admin
['INFO ]2023-09-12 21:46:11,806(YYYY-MM-ddHH:MM:ss.SSS][main]step_definitions.common_step_definition1)-Instantiation the commonutils
['INFO ]2023-09-12 21:46:11,807(YYYY-MM-ddHH:MM:ss.SSS][main]step_definitions.common_step_definition1)-Launch Browser
['INFO ]2023-09-12 21:46:11,817(YYYY-MM-ddHH:MM:ss.SSS][main]step_definitions.ManageProgramModule1)-Logged on to LMS portl as Admin
['INFO ]2023-09-12 21:46:18,309(YYYY-MM-ddHH:MM:ss.SSS][main]step_definitions.common_step_definition1)-Instantiation the commonutils
['INFO ]2023-09-12 21:46:18,310(YYYY-MM-ddHH:MM:ss.SSS][main]step_definitions.common_step_definition1)-Launch Browser
['INFO ]2023-09-12 21:46:18,314(YYYY-MM-ddHH:MM:ss.SSS][main]step_definitions.ManageProgramModule1)-Logged on to LMS portl as Admin
['INFO ]2023-09-12 21:46:24,689(YYYY-MM-ddHH:MM:ss.SSS][main]step_definitions.common_step_definition1)-Instantiation the commonutils
['INFO ]2023-09-12 21:46:24,690(YYYY-MM-ddHH:MM:ss.SSS][main]step_definitions.common_step_definition1)-Launch Browser
['INFO ]2023-09-12 21:46:24,694(YYYY-MM-ddHH:MM:ss.SSS][main]step_definitions.ManageProgramModule1)-Logged on to LMS portl as Admin
['INFO ]2023-09-12 21:46:31,175(YYYY-MM-ddHH:MM:ss.SSS][main]step_definitions.common_step_definition1)-Instantiation the commonutils
['INFO ]2023-09-12 21:46:31,175(YYYY-MM-ddHH:MM:ss.SSS][main]step_definitions.common_step_definition1)-Launch Browser
['INFO ]2023-09-12 21:46:31,178(YYYY-MM-ddHH:MM:ss.SSS][main]step_definitions.ManageProgramModule1)-Logged on to LMS portl as Admin
['INFO ]2023-09-12 21:46:37,628(YYYY-MM-ddHH:MM:ss.SSS][main]step_definitions.common_step_definition1)-Instantiation the commonutils
['INFO ]2023-09-12 21:46:37,629(YYYY-MM-ddHH:MM:ss.SSS][main]step_definitions.common_step_definition1)-Launch Browser
['INFO ]2023-09-12 21:46:37,633(YYYY-MM-ddHH:MM:ss.SSS][main]step_definitions.ManageProgramModule1)-Logged on to LMS portl as Admin
['INFO ]2023-09-12 21:46:42,964(YYYY-MM-ddHH:MM:ss.SSS][main]step_definitions.common_step_definition1)-Instantiation the commonutils
['INFO ]2023-09-12 21:46:42,965(YYYY-MM-ddHH:MM:ss.SSS][main]step_definitions.common_step_definition1)-Launch Browser
['INFO ]2023-09-12 21:46:42,972(YYYY-MM-ddHH:MM:ss.SSS][main]step_definitions.ManageProgramModule1)-Logged on to LMS portl as Admin
['INFO ]2023-09-12 21:46:48,441(YYYY-MM-ddHH:MM:ss.SSS][main]step_definitions.common_step_definition1)-Instantiation the commonutils
['INFO ]2023-09-12 21:46:48,441(YYYY-MM-ddHH:MM:ss.SSS][main]step_definitions.common_step_definition1)-Launch Browser
['INFO ]2023-09-12 21:46:48,445(YYYY-MM-ddHH:MM:ss.SSS][main]step_definitions.ManageProgramModule1)-Logged on to LMS portl as Admin
['INFO ]2023-09-12 21:46:53,791(YYYY-MM-ddHH:MM:ss.SSS][main]step_definitions.common_step_definition1)-Instantiation the commonutils
['INFO ]2023-09-12 21:46:53,792(YYYY-MM-ddHH:MM:ss.SSS][main]step_definitions.common_step_definition1)-Launch Browser
['INFO ]2023-09-12 21:46:53,796(YYYY-MM-ddHH:MM:ss.SSS][main]step_definitions.ManageProgramModule1)-Logged on to LMS portl as Admin
['INFO ]2023-09-12 21:47:00,426(YYYY-MM-ddHH:MM:ss.SSS][main]step_definitions.common_step_definition1)-Instantiation the commonutils
['INFO ]2023-09-12 21:47:00,426(YYYY-MM-ddHH:MM:ss.SSS][main]step_definitions.common_step_definition1)-Launch Browser
['INFO ]2023-09-12 21:47:00,429(YYYY-MM-ddHH:MM:ss.SSS][main]step_definitions.ManageProgramModule1)-Logged on to LMS portl as Admin
['INFO ]2023-09-12 21:47:06,712(YYYY-MM-ddHH:MM:ss.SSS][main]step_definitions.common_step_definition1)-Instantiation the commonutils
['INFO ]2023-09-12 21:47:06,713(YYYY-MM-ddHH:MM:ss.SSS][main]step_definitions.common_step_definition1)-Launch Browser
['INFO ]2023-09-12 21:47:06,716(YYYY-MM-ddHH:MM:ss.SSS][main]step_definitions.ManageProgramModule1)-Logged on to LMS portl as Admin
['INFO ]2023-09-12 21:47:13,068(YYYY-MM-ddHH:MM:ss.SSS][main]step_definitions.common_step_definition1)-Instantiation the commonutils
['INFO ]2023-09-12 21:47:13,068(YYYY-MM-ddHH:MM:ss.SSS][main]step_definitions.common_step_definition1)-Launch Browser
['INFO ]2023-09-12 21:47:13,071(YYYY-MM-ddHH:MM:ss.SSS][main]step_definitions.ManageProgramModule1)-Logged on to LMS portl as Admin
['INFO ]2023-09-12 21:47:19,634(YYYY-MM-ddHH:MM:ss.SSS][main]step_definitions.common_step_definition1)-Instantiation the commonutils
['INFO ]2023-09-12 21:47:19,634(YYYY-MM-ddHH:MM:ss.SSS][main]step_definitions.common_step_definition1)-Launch Browser
['INFO ]2023-09-12 21:47:19,638(YYYY-MM-ddHH:MM:ss.SSS][main]step_definitions.ManageProgramModule1)-Logged on to LMS portl as Admin
['INFO ]2023-09-12 21:47:25,974(YYYY-MM-ddHH:MM:ss.SSS][main]step_definitions.common_step_definition1)-Instantiation the commonutils
['INFO ]2023-09-12 21:47:25,976(YYYY-MM-ddHH:MM:ss.SSS][main]step_definitions.common_step_definition1)-Launch Browser
['INFO ]2023-09-12 21:47:25,981(YYYY-MM-ddHH:MM:ss.SSS][main]step_definitions.ManageProgramModule1)-Logged on to LMS portl as Admin
